--------------------------------------------------------------------------------
CPU name:	Intel(R) Core(TM) i5-7500 CPU @ 3.40GHz
CPU type:	Intel Coffeelake processor
CPU clock:	3.41 GHz
--------------------------------------------------------------------------------
1.054867517039291e-01 -1.404962716669777e-01 4.870293332592314e+00 -4.913710662726040e+01 2.583844996474806e+02 -7.859947071340831e+02 1.458450927345012e+03 -1.669863290836819e+03 1.145873579322175e+03 -4.288010529221135e+02 6.653875713938905e+01 
1.736182546267534e-03 4.043057943953349e-04 2.223008216321251e-03 1.394201450619637e-04 1.269578830252319e-03 6.061075948062267e-04 1.083674325499287e-03 4.300863023999346e-04 2.200899563016806e-03 2.681537800605177e-03 1.051931646009016e-03 7.029167818843329e-04 2.998767986275477e-03 6.356049773606209e-04 1.323984577447798e-03 1.292212336306983e-03 1.312333798253879e-04 1.331487209603743e-03 3.256860826889973e-03 2.408894565760086e-03 3.749127360389015e-03 3.161977442937017e-03 3.431469158227535e-04 2.440403449541204e-03 1.904829768938313e-03 7.290955770258845e-05 3.917159805015363e-03 1.167786727497719e-03 2.955510284075522e-03 1.196858153533348e-04 1.356756045653745e-03 1.643721096013642e-03 3.250830548183786e-03 4.049162959885166e-04 3.160283813651119e-03 3.052810593321242e-03 3.039447900054865e-03 1.247606088650530e-03 2.715577273359471e-04 8.789383769440134e-04 2.687210776510532e-03 2.591041676806821e-03 2.122100349063835e-03 3.235047843086369e-03 1.474281878384498e-03 1.012263067806746e-03 3.323656268294783e-05 2.887435129564880e-03 1.009257236868066e-03 1.108721048704631e-03 1.800379489181630e-03 5.399148203809323e-04 2.057029305252228e-03 1.671534036860267e-03 9.046430920623127e-04 7.328072748172265e-05 2.079924038849240e-03 6.010979907815905e-04 3.198291047284141e-03 6.871425767407402e-04 3.904490835235225e-03 1.147510881851777e-03 2.074519298907535e-03 2.771246438687730e-03 1.907580449327068e-03 1.723682415966737e-03 3.295047680098973e-03 7.891076613727732e-04 7.716322993692459e-04 9.496113853026400e-04 2.202751455304741e-03 2.131929497040885e-03 2.016538721179711e-03 6.427492004734692e-05 3.260465536228607e-03 9.708399383443478e-04 2.311394823629548e-03 5.121897994164737e-05 7.563362271991725e-04 1.453717375226704e-03 1.825342795978430e-03 3.871138666243223e-04 2.000143843387092e-03 2.663874301099933e-03 2.865484637677690e-03 3.987348133827950e-03 2.170054011362998e-03 2.017584686755475e-03 1.467813688117769e-03 4.024248526710739e-03 3.346324984487004e-04 2.288574170312585e-03 4.976952353802633e-04 2.211648449874648e-03 1.813950901879663e-03 1.889967982305452e-03 2.864694786141736e-03 1.705570854685257e-03 3.260208523489377e-03 2.223334069579530e-03 2.781080524549007e-03 2.516544653196395e-03 7.483520012022682e-04 6.209638026037079e-04 1.570669219818827e-03 3.260836943776435e-04 3.351539503784556e-03 3.354272173091921e-03 3.354132922276487e-03 1.473696315527490e-03 1.053726985496856e-03 1.130475825765198e-03 2.684544259501792e-03 3.089475427903915e-03 2.391806317291190e-04 3.595760090080585e-03 3.146977627971004e-03 1.339679758384948e-03 2.517598194846454e-03 9.484594892625597e-04 1.143295824636736e-03 1.303268568925819e-03 1.039336607447372e-04 3.025402898112761e-03 1.981682825440534e-03 8.494748935752860e-04 1.003728170760443e-03 1.354289793711549e-03 
128 4.8893702030e-01 1.9761902094e-01
--------------------------------------------------------------------------------
Region SL_V1, Group 1: L3CACHE
+-------------------+----------+
|    Region Info    |  Core 3  |
+-------------------+----------+
| RDTSC Runtime [s] | 0.000284 |
|     call count    |        1 |
+-------------------+----------+

+--------------------------+---------+---------+
|           Event          | Counter |  Core 3 |
+--------------------------+---------+---------+
|     INSTR_RETIRED_ANY    |  FIXC0  | 2270139 |
|   CPU_CLK_UNHALTED_CORE  |  FIXC1  | 1060479 |
|   CPU_CLK_UNHALTED_REF   |  FIXC2  |  953104 |
|  MEM_LOAD_RETIRED_L3_HIT |   PMC0  |      73 |
| MEM_LOAD_RETIRED_L3_MISS |   PMC1  |      38 |
|     UOPS_RETIRED_ALL     |   PMC2  | 2724710 |
+--------------------------+---------+---------+

+----------------------+--------------+
|        Metric        |    Core 3    |
+----------------------+--------------+
|  Runtime (RDTSC) [s] |       0.0003 |
| Runtime unhalted [s] |       0.0003 |
|      Clock [MHz]     |    3791.9813 |
|          CPI         |       0.4671 |
|    L3 request rate   | 4.073828e-05 |
|     L3 miss rate     | 1.394644e-05 |
|     L3 miss ratio    |       0.3423 |
+----------------------+--------------+

Region EG_V1, Group 1: L3CACHE
+-------------------+----------+
|    Region Info    |  Core 3  |
+-------------------+----------+
| RDTSC Runtime [s] | 0.000001 |
|     call count    |        1 |
+-------------------+----------+

+--------------------------+---------+--------+
|           Event          | Counter | Core 3 |
+--------------------------+---------+--------+
|     INSTR_RETIRED_ANY    |  FIXC0  |   7996 |
|   CPU_CLK_UNHALTED_CORE  |  FIXC1  |  12835 |
|   CPU_CLK_UNHALTED_REF   |  FIXC2  |  11502 |
|  MEM_LOAD_RETIRED_L3_HIT |   PMC0  |     63 |
| MEM_LOAD_RETIRED_L3_MISS |   PMC1  |      2 |
|     UOPS_RETIRED_ALL     |   PMC2  |  10391 |
+--------------------------+---------+--------+

+----------------------+--------------+
|        Metric        |    Core 3    |
+----------------------+--------------+
|  Runtime (RDTSC) [s] | 1.127658e-06 |
| Runtime unhalted [s] | 3.766097e-06 |
|      Clock [MHz]     |    3803.0051 |
|          CPI         |       1.6052 |
|    L3 request rate   |       0.0063 |
|     L3 miss rate     |       0.0002 |
|     L3 miss ratio    |       0.0308 |
+----------------------+--------------+

--------------------------------------------------------------------------------
CPU name:	Intel(R) Core(TM) i5-7500 CPU @ 3.40GHz
CPU type:	Intel Coffeelake processor
CPU clock:	3.41 GHz
--------------------------------------------------------------------------------
1.054867517039291e-01 -1.404962716669777e-01 4.870293332592314e+00 -4.913710662726040e+01 2.583844996474806e+02 -7.859947071340831e+02 1.458450927345012e+03 -1.669863290836819e+03 1.145873579322175e+03 -4.288010529221135e+02 6.653875713938905e+01 
1.736182546267534e-03 4.043057943953349e-04 2.223008216321251e-03 1.394201450619637e-04 1.269578830252319e-03 6.061075948062267e-04 1.083674325499287e-03 4.300863023999346e-04 2.200899563016806e-03 2.681537800605177e-03 1.051931646009016e-03 7.029167818843329e-04 2.998767986275477e-03 6.356049773606209e-04 1.323984577447798e-03 1.292212336306983e-03 1.312333798253879e-04 1.331487209603743e-03 3.256860826889973e-03 2.408894565760086e-03 3.749127360389015e-03 3.161977442937017e-03 3.431469158227535e-04 2.440403449541204e-03 1.904829768938313e-03 7.290955770258845e-05 3.917159805015363e-03 1.167786727497719e-03 2.955510284075522e-03 1.196858153533348e-04 1.356756045653745e-03 1.643721096013642e-03 3.250830548183786e-03 4.049162959885166e-04 3.160283813651119e-03 3.052810593321242e-03 3.039447900054865e-03 1.247606088650530e-03 2.715577273359471e-04 8.789383769440134e-04 2.687210776510532e-03 2.591041676806821e-03 2.122100349063835e-03 3.235047843086369e-03 1.474281878384498e-03 1.012263067806746e-03 3.323656268294783e-05 2.887435129564880e-03 1.009257236868066e-03 1.108721048704631e-03 1.800379489181630e-03 5.399148203809323e-04 2.057029305252228e-03 1.671534036860267e-03 9.046430920623127e-04 7.328072748172265e-05 2.079924038849240e-03 6.010979907815905e-04 3.198291047284141e-03 6.871425767407402e-04 3.904490835235225e-03 1.147510881851777e-03 2.074519298907535e-03 2.771246438687730e-03 1.907580449327068e-03 1.723682415966737e-03 3.295047680098973e-03 7.891076613727732e-04 7.716322993692459e-04 9.496113853026400e-04 2.202751455304741e-03 2.131929497040885e-03 2.016538721179711e-03 6.427492004734692e-05 3.260465536228607e-03 9.708399383443478e-04 2.311394823629548e-03 5.121897994164737e-05 7.563362271991725e-04 1.453717375226704e-03 1.825342795978430e-03 3.871138666243223e-04 2.000143843387092e-03 2.663874301099933e-03 2.865484637677690e-03 3.987348133827950e-03 2.170054011362998e-03 2.017584686755475e-03 1.467813688117769e-03 4.024248526710739e-03 3.346324984487004e-04 2.288574170312585e-03 4.976952353802633e-04 2.211648449874648e-03 1.813950901879663e-03 1.889967982305452e-03 2.864694786141736e-03 1.705570854685257e-03 3.260208523489377e-03 2.223334069579530e-03 2.781080524549007e-03 2.516544653196395e-03 7.483520012022682e-04 6.209638026037079e-04 1.570669219818827e-03 3.260836943776435e-04 3.351539503784556e-03 3.354272173091921e-03 3.354132922276487e-03 1.473696315527490e-03 1.053726985496856e-03 1.130475825765198e-03 2.684544259501792e-03 3.089475427903915e-03 2.391806317291190e-04 3.595760090080585e-03 3.146977627971004e-03 1.339679758384948e-03 2.517598194846454e-03 9.484594892625597e-04 1.143295824636736e-03 1.303268568925819e-03 1.039336607447372e-04 3.025402898112761e-03 1.981682825440534e-03 8.494748935752860e-04 1.003728170760443e-03 1.354289793711549e-03 
128 5.9535503387e-01 2.6693695784e-01
--------------------------------------------------------------------------------
Region SL_V1, Group 1: ENERGY
+-------------------+----------+
|    Region Info    |  Core 3  |
+-------------------+----------+
| RDTSC Runtime [s] | 0.000319 |
|     call count    |        1 |
+-------------------+----------+

+-----------------------+---------+---------+
|         Event         | Counter |  Core 3 |
+-----------------------+---------+---------+
|   INSTR_RETIRED_ANY   |  FIXC0  | 2271086 |
| CPU_CLK_UNHALTED_CORE |  FIXC1  | 1060499 |
|  CPU_CLK_UNHALTED_REF |  FIXC2  | 1064858 |
|       TEMP_CORE       |   TMP0  |     196 |
|     PWR_PKG_ENERGY    |   PWR0  |  0.0069 |
|     PWR_PP0_ENERGY    |   PWR1  |  0.0032 |
|     PWR_PP1_ENERGY    |   PWR2  |       0 |
|    PWR_DRAM_ENERGY    |   PWR3  |  0.0005 |
+-----------------------+---------+---------+

+----------------------+-----------+
|        Metric        |   Core 3  |
+----------------------+-----------+
|  Runtime (RDTSC) [s] |    0.0003 |
| Runtime unhalted [s] |    0.0003 |
|      Clock [MHz]     | 3394.0726 |
|          CPI         |    0.4670 |
|    Temperature [C]   |       196 |
|      Energy [J]      |    0.0069 |
|       Power [W]      |   21.6255 |
|    Energy PP0 [J]    |    0.0032 |
|     Power PP0 [W]    |    9.9515 |
|    Energy PP1 [J]    |         0 |
|     Power PP1 [W]    |         0 |
|    Energy DRAM [J]   |    0.0005 |
|    Power DRAM [W]    |    1.7224 |
+----------------------+-----------+

Region EG_V1, Group 1: ENERGY
+-------------------+----------+
|    Region Info    |  Core 3  |
+-------------------+----------+
| RDTSC Runtime [s] | 0.000001 |
|     call count    |        1 |
+-------------------+----------+

+-----------------------+---------+--------+
|         Event         | Counter | Core 3 |
+-----------------------+---------+--------+
|   INSTR_RETIRED_ANY   |  FIXC0  |   8314 |
| CPU_CLK_UNHALTED_CORE |  FIXC1  |  13670 |
|  CPU_CLK_UNHALTED_REF |  FIXC2  |  13916 |
|       TEMP_CORE       |   TMP0  |    196 |
|     PWR_PKG_ENERGY    |   PWR0  |      0 |
|     PWR_PP0_ENERGY    |   PWR1  | 0.0009 |
|     PWR_PP1_ENERGY    |   PWR2  |      0 |
|    PWR_DRAM_ENERGY    |   PWR3  |      0 |
+-----------------------+---------+--------+

+----------------------+--------------+
|        Metric        |    Core 3    |
+----------------------+--------------+
|  Runtime (RDTSC) [s] | 1.259962e-06 |
| Runtime unhalted [s] | 4.011123e-06 |
|      Clock [MHz]     |    3347.7781 |
|          CPI         |       1.6442 |
|    Temperature [C]   |          196 |
|      Energy [J]      |            0 |
|       Power [W]      |            0 |
|    Energy PP0 [J]    |       0.0009 |
|     Power PP0 [W]    |     726.6309 |
|    Energy PP1 [J]    |            0 |
|     Power PP1 [W]    |            0 |
|    Energy DRAM [J]   |            0 |
|    Power DRAM [W]    |            0 |
+----------------------+--------------+

--------------------------------------------------------------------------------
CPU name:	Intel(R) Core(TM) i5-7500 CPU @ 3.40GHz
CPU type:	Intel Coffeelake processor
CPU clock:	3.41 GHz
--------------------------------------------------------------------------------
1.054867517039291e-01 -1.404962716669777e-01 4.870293332592314e+00 -4.913710662726040e+01 2.583844996474806e+02 -7.859947071340831e+02 1.458450927345012e+03 -1.669863290836819e+03 1.145873579322175e+03 -4.288010529221135e+02 6.653875713938905e+01 
1.736182546267534e-03 4.043057943953349e-04 2.223008216321251e-03 1.394201450619637e-04 1.269578830252319e-03 6.061075948062267e-04 1.083674325499287e-03 4.300863023999346e-04 2.200899563016806e-03 2.681537800605177e-03 1.051931646009016e-03 7.029167818843329e-04 2.998767986275477e-03 6.356049773606209e-04 1.323984577447798e-03 1.292212336306983e-03 1.312333798253879e-04 1.331487209603743e-03 3.256860826889973e-03 2.408894565760086e-03 3.749127360389015e-03 3.161977442937017e-03 3.431469158227535e-04 2.440403449541204e-03 1.904829768938313e-03 7.290955770258845e-05 3.917159805015363e-03 1.167786727497719e-03 2.955510284075522e-03 1.196858153533348e-04 1.356756045653745e-03 1.643721096013642e-03 3.250830548183786e-03 4.049162959885166e-04 3.160283813651119e-03 3.052810593321242e-03 3.039447900054865e-03 1.247606088650530e-03 2.715577273359471e-04 8.789383769440134e-04 2.687210776510532e-03 2.591041676806821e-03 2.122100349063835e-03 3.235047843086369e-03 1.474281878384498e-03 1.012263067806746e-03 3.323656268294783e-05 2.887435129564880e-03 1.009257236868066e-03 1.108721048704631e-03 1.800379489181630e-03 5.399148203809323e-04 2.057029305252228e-03 1.671534036860267e-03 9.046430920623127e-04 7.328072748172265e-05 2.079924038849240e-03 6.010979907815905e-04 3.198291047284141e-03 6.871425767407402e-04 3.904490835235225e-03 1.147510881851777e-03 2.074519298907535e-03 2.771246438687730e-03 1.907580449327068e-03 1.723682415966737e-03 3.295047680098973e-03 7.891076613727732e-04 7.716322993692459e-04 9.496113853026400e-04 2.202751455304741e-03 2.131929497040885e-03 2.016538721179711e-03 6.427492004734692e-05 3.260465536228607e-03 9.708399383443478e-04 2.311394823629548e-03 5.121897994164737e-05 7.563362271991725e-04 1.453717375226704e-03 1.825342795978430e-03 3.871138666243223e-04 2.000143843387092e-03 2.663874301099933e-03 2.865484637677690e-03 3.987348133827950e-03 2.170054011362998e-03 2.017584686755475e-03 1.467813688117769e-03 4.024248526710739e-03 3.346324984487004e-04 2.288574170312585e-03 4.976952353802633e-04 2.211648449874648e-03 1.813950901879663e-03 1.889967982305452e-03 2.864694786141736e-03 1.705570854685257e-03 3.260208523489377e-03 2.223334069579530e-03 2.781080524549007e-03 2.516544653196395e-03 7.483520012022682e-04 6.209638026037079e-04 1.570669219818827e-03 3.260836943776435e-04 3.351539503784556e-03 3.354272173091921e-03 3.354132922276487e-03 1.473696315527490e-03 1.053726985496856e-03 1.130475825765198e-03 2.684544259501792e-03 3.089475427903915e-03 2.391806317291190e-04 3.595760090080585e-03 3.146977627971004e-03 1.339679758384948e-03 2.517598194846454e-03 9.484594892625597e-04 1.143295824636736e-03 1.303268568925819e-03 1.039336607447372e-04 3.025402898112761e-03 1.981682825440534e-03 8.494748935752860e-04 1.003728170760443e-03 1.354289793711549e-03 
128 5.2944600582e-01 2.1536803246e-01
--------------------------------------------------------------------------------
Region SL_V1, Group 1: FLOPS_DP
+-------------------+----------+
|    Region Info    |  Core 3  |
+-------------------+----------+
| RDTSC Runtime [s] | 0.000307 |
|     call count    |        1 |
+-------------------+----------+

+------------------------------------------+---------+---------+
|                   Event                  | Counter |  Core 3 |
+------------------------------------------+---------+---------+
|             INSTR_RETIRED_ANY            |  FIXC0  | 2270128 |
|           CPU_CLK_UNHALTED_CORE          |  FIXC1  | 1058364 |
|           CPU_CLK_UNHALTED_REF           |  FIXC2  | 1032766 |
| FP_ARITH_INST_RETIRED_128B_PACKED_DOUBLE |   PMC0  |       0 |
|    FP_ARITH_INST_RETIRED_SCALAR_DOUBLE   |   PMC1  | 1033354 |
| FP_ARITH_INST_RETIRED_256B_PACKED_DOUBLE |   PMC2  |       0 |
+------------------------------------------+---------+---------+

+----------------------+-----------+
|        Metric        |   Core 3  |
+----------------------+-----------+
|  Runtime (RDTSC) [s] |    0.0003 |
| Runtime unhalted [s] |    0.0003 |
|      Clock [MHz]     | 3492.5046 |
|          CPI         |    0.4662 |
|      DP MFLOP/s      | 3362.4177 |
|    AVX DP MFLOP/s    |         0 |
|    Packed MUOPS/s    |         0 |
|    Scalar MUOPS/s    | 3362.4177 |
|  Vectorization ratio |         0 |
+----------------------+-----------+

Region EG_V1, Group 1: FLOPS_DP
+-------------------+----------+
|    Region Info    |  Core 3  |
+-------------------+----------+
| RDTSC Runtime [s] | 0.000001 |
|     call count    |        1 |
+-------------------+----------+

+------------------------------------------+---------+--------+
|                   Event                  | Counter | Core 3 |
+------------------------------------------+---------+--------+
|             INSTR_RETIRED_ANY            |  FIXC0  |   7996 |
|           CPU_CLK_UNHALTED_CORE          |  FIXC1  |  13351 |
|           CPU_CLK_UNHALTED_REF           |  FIXC2  |  12922 |
| FP_ARITH_INST_RETIRED_128B_PACKED_DOUBLE |   PMC0  |     56 |
|    FP_ARITH_INST_RETIRED_SCALAR_DOUBLE   |   PMC1  |    346 |
| FP_ARITH_INST_RETIRED_256B_PACKED_DOUBLE |   PMC2  |    152 |
+------------------------------------------+---------+--------+

+----------------------+--------------+
|        Metric        |    Core 3    |
+----------------------+--------------+
|  Runtime (RDTSC) [s] | 1.295661e-06 |
| Runtime unhalted [s] | 3.917508e-06 |
|      Clock [MHz]     |    3521.1775 |
|          CPI         |       1.6697 |
|      DP MFLOP/s      |     822.7461 |
|    AVX DP MFLOP/s    |     469.2585 |
|    Packed MUOPS/s    |     160.5358 |
|    Scalar MUOPS/s    |     267.0452 |
|  Vectorization ratio |      37.5451 |
+----------------------+--------------+

