--------------------------------------------------------------------------------
CPU name:	Intel(R) Core(TM) i5-7500 CPU @ 3.40GHz
CPU type:	Intel Coffeelake processor
CPU clock:	3.41 GHz
--------------------------------------------------------------------------------
1.021056109972809e-01 6.013471257959953e-02 2.703109528026837e-01 -6.229378934798047e+00 5.346760015478235e+01 -2.318728059928351e+02 5.785351267216907e+02 -8.661100046156658e+02 7.691288971818851e+02 -3.736253655474196e+02 7.653060303962427e+01 
1.935483746667022e-03 7.695170603332080e-05 1.639601812369870e-03 3.415451705604533e-04 1.321415184928190e-03 1.034872544960486e-04 1.104377842670326e-03 5.683105895756546e-04 1.250318866014358e-03 1.694448627864345e-03 5.679151144096367e-04 6.650391178883996e-04 2.222138694673234e-03 4.077063436308537e-05 4.436214237226455e-04 4.102134323533679e-04 3.230844580580372e-04 1.229323016850137e-03 1.754135921271896e-03 1.811489926693777e-03 2.200043000657945e-03 1.901030205898657e-03 2.625542900628192e-04 1.598352780350171e-03 1.106301850257674e-03 1.367654226095555e-04 2.260691233757148e-03 4.477066903318255e-04 1.549224206525715e-03 4.498979963326044e-04 1.260519954629474e-03 6.530848567120051e-04 1.686883422285970e-03 6.361538109089654e-04 2.372384229054239e-03 2.266891626977213e-03 1.677120175048910e-03 1.014766902659253e-03 3.329085145660354e-04 4.643900030061737e-04 1.754763889648667e-03 1.687116464310384e-03 1.266418492283539e-03 1.918218057834195e-03 7.345954048875308e-04 9.085307392547731e-04 2.850572307627613e-04 2.192906999306674e-03 2.701445626870219e-04 1.107824810469574e-03 1.564188347503423e-03 7.113678551134983e-05 1.728935113076202e-03 6.704095758523626e-04 9.567997666987821e-04 3.014062408139284e-04 1.642608505538296e-03 6.527712044772094e-04 1.827861790784091e-03 6.051599647673989e-04 2.390690008672897e-03 6.858347942517440e-04 1.339960854934222e-03 1.700454058457007e-03 1.087986455777443e-03 1.293428220144915e-03 1.864581018096723e-03 2.112760881514131e-04 1.560239903174165e-04 9.833460321273108e-04 1.816095128748363e-03 9.350058972492081e-04 1.734995671987538e-03 4.920983284419367e-04 1.637775001209318e-03 1.830446101752370e-04 1.898527556275537e-03 3.592916372909538e-04 1.267719577359161e-04 6.148808202101619e-04 1.435705526546260e-03 4.618966633633814e-04 1.436573677026792e-03 1.800485911760491e-03 1.801208146323341e-03 2.520911633912548e-03 1.483034116322085e-03 1.446894384058622e-03 1.153446974390293e-03 2.307326135967347e-03 1.027594170990576e-04 1.823866563099991e-03 7.549267932349668e-05 1.836101041473082e-03 1.599368838834381e-03 7.626118566206042e-04 1.387398643651727e-03 1.527124972557803e-03 2.502404866761676e-03 1.810364664512620e-03 1.428914709325796e-03 1.303093905776570e-03 7.371522816837506e-04 1.928595400001731e-04 1.153414025649363e-03 2.995899920829048e-04 2.110369811718749e-03 2.128072997034602e-03 2.213575626432096e-03 8.349087471323791e-04 5.335268933304715e-04 8.867111823656904e-04 1.892248487867454e-03 1.804272421737779e-03 6.656423824913382e-06 2.436413422413769e-03 1.913151725549511e-03 9.173884503086149e-04 1.594624308942777e-03 6.302907907591859e-04 6.796781746519209e-04 7.743012756919465e-04 3.219481475508212e-05 1.896949696794770e-03 1.447343348163543e-03 9.499543713580028e-04 1.388445715302111e-03 3.608353668763109e-04 1.949894060724267e-03 1.411766997799435e-03 1.072599027454602e-03 8.951517488019756e-04 2.233235624474472e-04 2.165953357509603e-03 1.425102415272522e-03 1.543380997846733e-03 7.021625936437514e-06 1.872513818544530e-03 1.840066169397331e-03 3.870984588532356e-04 3.202176386602751e-04 1.325903933159650e-03 2.152751233361061e-03 1.100289217884826e-03 8.222484914868211e-04 1.425243607408311e-04 1.393884952228142e-03 4.831249924203418e-04 1.704389519284283e-03 7.680349884708615e-04 1.093393765027123e-03 1.170182887797744e-03 2.191169367453227e-03 1.697418612638973e-03 1.444533309048424e-03 8.064525647939191e-04 1.419539068989062e-03 1.535761023074844e-06 1.660072039979810e-03 5.486987606980465e-04 1.398279527175667e-03 1.612578593515240e-03 1.342055975082745e-03 1.055484642414534e-03 1.695586599928828e-03 4.976620032987600e-04 1.092748482654782e-04 9.955956034311819e-04 2.897420552722130e-05 9.015177883659187e-04 1.012340240545029e-03 2.073752757495884e-03 2.237024938852306e-04 1.338858765149470e-03 1.519459340843687e-03 1.935701125377831e-03 9.581251108411182e-04 3.278032156536492e-04 9.382732422974494e-04 3.140502636828080e-05 1.555411412045016e-03 2.175425408580040e-03 1.175553868555612e-03 1.446490919544963e-03 1.160562382590741e-03 2.008039765206110e-03 1.474203504781002e-05 2.000311546509148e-03 7.422339656702470e-04 1.082295249859505e-03 1.315095493577334e-03 2.122553847059810e-03 4.889197434961301e-04 2.212433865866503e-03 1.019792170258799e-03 6.219691839753905e-05 2.144748274211516e-04 1.104566324924783e-03 2.128159469773294e-03 1.656844674275182e-03 
200 1.5246579647e+00 4.7595101595e-01
--------------------------------------------------------------------------------
Region SL_V1, Group 1: L3CACHE
+-------------------+----------+
|    Region Info    |  Core 3  |
+-------------------+----------+
| RDTSC Runtime [s] | 0.001034 |
|     call count    |        1 |
+-------------------+----------+

+--------------------------+---------+---------+
|           Event          | Counter |  Core 3 |
+--------------------------+---------+---------+
|     INSTR_RETIRED_ANY    |  FIXC0  | 3543315 |
|   CPU_CLK_UNHALTED_CORE  |  FIXC1  | 1637264 |
|   CPU_CLK_UNHALTED_REF   |  FIXC2  | 3495472 |
|  MEM_LOAD_RETIRED_L3_HIT |   PMC0  |      91 |
| MEM_LOAD_RETIRED_L3_MISS |   PMC1  |      35 |
|     UOPS_RETIRED_ALL     |   PMC2  | 4251153 |
+--------------------------+---------+---------+

+----------------------+--------------+
|        Metric        |    Core 3    |
+----------------------+--------------+
|  Runtime (RDTSC) [s] |       0.0010 |
| Runtime unhalted [s] |       0.0005 |
|      Clock [MHz]     |    1596.3012 |
|          CPI         |       0.4621 |
|    L3 request rate   | 2.963902e-05 |
|     L3 miss rate     | 8.233061e-06 |
|     L3 miss ratio    |       0.2778 |
+----------------------+--------------+

Region EG_V1, Group 1: L3CACHE
+-------------------+----------+
|    Region Info    |  Core 3  |
+-------------------+----------+
| RDTSC Runtime [s] | 0.000003 |
|     call count    |        1 |
+-------------------+----------+

+--------------------------+---------+--------+
|           Event          | Counter | Core 3 |
+--------------------------+---------+--------+
|     INSTR_RETIRED_ANY    |  FIXC0  |   7996 |
|   CPU_CLK_UNHALTED_CORE  |  FIXC1  |  12679 |
|   CPU_CLK_UNHALTED_REF   |  FIXC2  |  26980 |
|  MEM_LOAD_RETIRED_L3_HIT |   PMC0  |     47 |
| MEM_LOAD_RETIRED_L3_MISS |   PMC1  |      2 |
|     UOPS_RETIRED_ALL     |   PMC2  |  10378 |
+--------------------------+---------+--------+

+----------------------+--------------+
|        Metric        |    Core 3    |
+----------------------+--------------+
|  Runtime (RDTSC) [s] | 2.569812e-06 |
| Runtime unhalted [s] | 3.720343e-06 |
|      Clock [MHz]     |    1601.5667 |
|          CPI         |       1.5857 |
|    L3 request rate   |       0.0047 |
|     L3 miss rate     |       0.0002 |
|     L3 miss ratio    |       0.0408 |
+----------------------+--------------+

--------------------------------------------------------------------------------
CPU name:	Intel(R) Core(TM) i5-7500 CPU @ 3.40GHz
CPU type:	Intel Coffeelake processor
CPU clock:	3.41 GHz
--------------------------------------------------------------------------------
1.021056109972809e-01 6.013471257959953e-02 2.703109528026837e-01 -6.229378934798047e+00 5.346760015478235e+01 -2.318728059928351e+02 5.785351267216907e+02 -8.661100046156658e+02 7.691288971818851e+02 -3.736253655474196e+02 7.653060303962427e+01 
1.935483746667022e-03 7.695170603332080e-05 1.639601812369870e-03 3.415451705604533e-04 1.321415184928190e-03 1.034872544960486e-04 1.104377842670326e-03 5.683105895756546e-04 1.250318866014358e-03 1.694448627864345e-03 5.679151144096367e-04 6.650391178883996e-04 2.222138694673234e-03 4.077063436308537e-05 4.436214237226455e-04 4.102134323533679e-04 3.230844580580372e-04 1.229323016850137e-03 1.754135921271896e-03 1.811489926693777e-03 2.200043000657945e-03 1.901030205898657e-03 2.625542900628192e-04 1.598352780350171e-03 1.106301850257674e-03 1.367654226095555e-04 2.260691233757148e-03 4.477066903318255e-04 1.549224206525715e-03 4.498979963326044e-04 1.260519954629474e-03 6.530848567120051e-04 1.686883422285970e-03 6.361538109089654e-04 2.372384229054239e-03 2.266891626977213e-03 1.677120175048910e-03 1.014766902659253e-03 3.329085145660354e-04 4.643900030061737e-04 1.754763889648667e-03 1.687116464310384e-03 1.266418492283539e-03 1.918218057834195e-03 7.345954048875308e-04 9.085307392547731e-04 2.850572307627613e-04 2.192906999306674e-03 2.701445626870219e-04 1.107824810469574e-03 1.564188347503423e-03 7.113678551134983e-05 1.728935113076202e-03 6.704095758523626e-04 9.567997666987821e-04 3.014062408139284e-04 1.642608505538296e-03 6.527712044772094e-04 1.827861790784091e-03 6.051599647673989e-04 2.390690008672897e-03 6.858347942517440e-04 1.339960854934222e-03 1.700454058457007e-03 1.087986455777443e-03 1.293428220144915e-03 1.864581018096723e-03 2.112760881514131e-04 1.560239903174165e-04 9.833460321273108e-04 1.816095128748363e-03 9.350058972492081e-04 1.734995671987538e-03 4.920983284419367e-04 1.637775001209318e-03 1.830446101752370e-04 1.898527556275537e-03 3.592916372909538e-04 1.267719577359161e-04 6.148808202101619e-04 1.435705526546260e-03 4.618966633633814e-04 1.436573677026792e-03 1.800485911760491e-03 1.801208146323341e-03 2.520911633912548e-03 1.483034116322085e-03 1.446894384058622e-03 1.153446974390293e-03 2.307326135967347e-03 1.027594170990576e-04 1.823866563099991e-03 7.549267932349668e-05 1.836101041473082e-03 1.599368838834381e-03 7.626118566206042e-04 1.387398643651727e-03 1.527124972557803e-03 2.502404866761676e-03 1.810364664512620e-03 1.428914709325796e-03 1.303093905776570e-03 7.371522816837506e-04 1.928595400001731e-04 1.153414025649363e-03 2.995899920829048e-04 2.110369811718749e-03 2.128072997034602e-03 2.213575626432096e-03 8.349087471323791e-04 5.335268933304715e-04 8.867111823656904e-04 1.892248487867454e-03 1.804272421737779e-03 6.656423824913382e-06 2.436413422413769e-03 1.913151725549511e-03 9.173884503086149e-04 1.594624308942777e-03 6.302907907591859e-04 6.796781746519209e-04 7.743012756919465e-04 3.219481475508212e-05 1.896949696794770e-03 1.447343348163543e-03 9.499543713580028e-04 1.388445715302111e-03 3.608353668763109e-04 1.949894060724267e-03 1.411766997799435e-03 1.072599027454602e-03 8.951517488019756e-04 2.233235624474472e-04 2.165953357509603e-03 1.425102415272522e-03 1.543380997846733e-03 7.021625936437514e-06 1.872513818544530e-03 1.840066169397331e-03 3.870984588532356e-04 3.202176386602751e-04 1.325903933159650e-03 2.152751233361061e-03 1.100289217884826e-03 8.222484914868211e-04 1.425243607408311e-04 1.393884952228142e-03 4.831249924203418e-04 1.704389519284283e-03 7.680349884708615e-04 1.093393765027123e-03 1.170182887797744e-03 2.191169367453227e-03 1.697418612638973e-03 1.444533309048424e-03 8.064525647939191e-04 1.419539068989062e-03 1.535761023074844e-06 1.660072039979810e-03 5.486987606980465e-04 1.398279527175667e-03 1.612578593515240e-03 1.342055975082745e-03 1.055484642414534e-03 1.695586599928828e-03 4.976620032987600e-04 1.092748482654782e-04 9.955956034311819e-04 2.897420552722130e-05 9.015177883659187e-04 1.012340240545029e-03 2.073752757495884e-03 2.237024938852306e-04 1.338858765149470e-03 1.519459340843687e-03 1.935701125377831e-03 9.581251108411182e-04 3.278032156536492e-04 9.382732422974494e-04 3.140502636828080e-05 1.555411412045016e-03 2.175425408580040e-03 1.175553868555612e-03 1.446490919544963e-03 1.160562382590741e-03 2.008039765206110e-03 1.474203504781002e-05 2.000311546509148e-03 7.422339656702470e-04 1.082295249859505e-03 1.315095493577334e-03 2.122553847059810e-03 4.889197434961301e-04 2.212433865866503e-03 1.019792170258799e-03 6.219691839753905e-05 2.144748274211516e-04 1.104566324924783e-03 2.128159469773294e-03 1.656844674275182e-03 
200 6.8950200081e-01 2.3703497648e-01
--------------------------------------------------------------------------------
Region SL_V1, Group 1: ENERGY
+-------------------+----------+
|    Region Info    |  Core 3  |
+-------------------+----------+
| RDTSC Runtime [s] | 0.000439 |
|     call count    |        1 |
+-------------------+----------+

+-----------------------+---------+---------+
|         Event         | Counter |  Core 3 |
+-----------------------+---------+---------+
|   INSTR_RETIRED_ANY   |  FIXC0  | 3544262 |
| CPU_CLK_UNHALTED_CORE |  FIXC1  | 1640148 |
|  CPU_CLK_UNHALTED_REF |  FIXC2  | 1474528 |
|       TEMP_CORE       |   TMP0  |     199 |
|     PWR_PKG_ENERGY    |   PWR0  |       0 |
|     PWR_PP0_ENERGY    |   PWR1  |  0.0056 |
|     PWR_PP1_ENERGY    |   PWR2  |       0 |
|    PWR_DRAM_ENERGY    |   PWR3  |       0 |
+-----------------------+---------+---------+

+----------------------+-----------+
|        Metric        |   Core 3  |
+----------------------+-----------+
|  Runtime (RDTSC) [s] |    0.0004 |
| Runtime unhalted [s] |    0.0005 |
|      Clock [MHz]     | 3790.8274 |
|          CPI         |    0.4628 |
|    Temperature [C]   |       199 |
|      Energy [J]      |         0 |
|       Power [W]      |         0 |
|    Energy PP0 [J]    |    0.0056 |
|     Power PP0 [W]    |   12.6600 |
|    Energy PP1 [J]    |         0 |
|     Power PP1 [W]    |         0 |
|    Energy DRAM [J]   |         0 |
|    Power DRAM [W]    |         0 |
+----------------------+-----------+

Region EG_V1, Group 1: ENERGY
+-------------------+----------+
|    Region Info    |  Core 3  |
+-------------------+----------+
| RDTSC Runtime [s] | 0.000001 |
|     call count    |        1 |
+-------------------+----------+

+-----------------------+---------+--------+
|         Event         | Counter | Core 3 |
+-----------------------+---------+--------+
|   INSTR_RETIRED_ANY   |  FIXC0  |   8314 |
| CPU_CLK_UNHALTED_CORE |  FIXC1  |  14165 |
|  CPU_CLK_UNHALTED_REF |  FIXC2  |  12922 |
|       TEMP_CORE       |   TMP0  |    199 |
|     PWR_PKG_ENERGY    |   PWR0  |      0 |
|     PWR_PP0_ENERGY    |   PWR1  | 0.0005 |
|     PWR_PP1_ENERGY    |   PWR2  |      0 |
|    PWR_DRAM_ENERGY    |   PWR3  | 0.0005 |
+-----------------------+---------+--------+

+----------------------+--------------+
|        Metric        |    Core 3    |
+----------------------+--------------+
|  Runtime (RDTSC) [s] | 1.215951e-06 |
| Runtime unhalted [s] | 4.156355e-06 |
|      Clock [MHz]     |    3735.8621 |
|          CPI         |       1.7038 |
|    Temperature [C]   |          199 |
|      Energy [J]      |            0 |
|       Power [W]      |            0 |
|    Energy PP0 [J]    |       0.0005 |
|     Power PP0 [W]    |     451.7587 |
|    Energy PP1 [J]    |            0 |
|     Power PP1 [W]    |            0 |
|    Energy DRAM [J]   |       0.0005 |
|    Power DRAM [W]    |     401.5632 |
+----------------------+--------------+

--------------------------------------------------------------------------------
CPU name:	Intel(R) Core(TM) i5-7500 CPU @ 3.40GHz
CPU type:	Intel Coffeelake processor
CPU clock:	3.41 GHz
--------------------------------------------------------------------------------
1.021056109972809e-01 6.013471257959953e-02 2.703109528026837e-01 -6.229378934798047e+00 5.346760015478235e+01 -2.318728059928351e+02 5.785351267216907e+02 -8.661100046156658e+02 7.691288971818851e+02 -3.736253655474196e+02 7.653060303962427e+01 
1.935483746667022e-03 7.695170603332080e-05 1.639601812369870e-03 3.415451705604533e-04 1.321415184928190e-03 1.034872544960486e-04 1.104377842670326e-03 5.683105895756546e-04 1.250318866014358e-03 1.694448627864345e-03 5.679151144096367e-04 6.650391178883996e-04 2.222138694673234e-03 4.077063436308537e-05 4.436214237226455e-04 4.102134323533679e-04 3.230844580580372e-04 1.229323016850137e-03 1.754135921271896e-03 1.811489926693777e-03 2.200043000657945e-03 1.901030205898657e-03 2.625542900628192e-04 1.598352780350171e-03 1.106301850257674e-03 1.367654226095555e-04 2.260691233757148e-03 4.477066903318255e-04 1.549224206525715e-03 4.498979963326044e-04 1.260519954629474e-03 6.530848567120051e-04 1.686883422285970e-03 6.361538109089654e-04 2.372384229054239e-03 2.266891626977213e-03 1.677120175048910e-03 1.014766902659253e-03 3.329085145660354e-04 4.643900030061737e-04 1.754763889648667e-03 1.687116464310384e-03 1.266418492283539e-03 1.918218057834195e-03 7.345954048875308e-04 9.085307392547731e-04 2.850572307627613e-04 2.192906999306674e-03 2.701445626870219e-04 1.107824810469574e-03 1.564188347503423e-03 7.113678551134983e-05 1.728935113076202e-03 6.704095758523626e-04 9.567997666987821e-04 3.014062408139284e-04 1.642608505538296e-03 6.527712044772094e-04 1.827861790784091e-03 6.051599647673989e-04 2.390690008672897e-03 6.858347942517440e-04 1.339960854934222e-03 1.700454058457007e-03 1.087986455777443e-03 1.293428220144915e-03 1.864581018096723e-03 2.112760881514131e-04 1.560239903174165e-04 9.833460321273108e-04 1.816095128748363e-03 9.350058972492081e-04 1.734995671987538e-03 4.920983284419367e-04 1.637775001209318e-03 1.830446101752370e-04 1.898527556275537e-03 3.592916372909538e-04 1.267719577359161e-04 6.148808202101619e-04 1.435705526546260e-03 4.618966633633814e-04 1.436573677026792e-03 1.800485911760491e-03 1.801208146323341e-03 2.520911633912548e-03 1.483034116322085e-03 1.446894384058622e-03 1.153446974390293e-03 2.307326135967347e-03 1.027594170990576e-04 1.823866563099991e-03 7.549267932349668e-05 1.836101041473082e-03 1.599368838834381e-03 7.626118566206042e-04 1.387398643651727e-03 1.527124972557803e-03 2.502404866761676e-03 1.810364664512620e-03 1.428914709325796e-03 1.303093905776570e-03 7.371522816837506e-04 1.928595400001731e-04 1.153414025649363e-03 2.995899920829048e-04 2.110369811718749e-03 2.128072997034602e-03 2.213575626432096e-03 8.349087471323791e-04 5.335268933304715e-04 8.867111823656904e-04 1.892248487867454e-03 1.804272421737779e-03 6.656423824913382e-06 2.436413422413769e-03 1.913151725549511e-03 9.173884503086149e-04 1.594624308942777e-03 6.302907907591859e-04 6.796781746519209e-04 7.743012756919465e-04 3.219481475508212e-05 1.896949696794770e-03 1.447343348163543e-03 9.499543713580028e-04 1.388445715302111e-03 3.608353668763109e-04 1.949894060724267e-03 1.411766997799435e-03 1.072599027454602e-03 8.951517488019756e-04 2.233235624474472e-04 2.165953357509603e-03 1.425102415272522e-03 1.543380997846733e-03 7.021625936437514e-06 1.872513818544530e-03 1.840066169397331e-03 3.870984588532356e-04 3.202176386602751e-04 1.325903933159650e-03 2.152751233361061e-03 1.100289217884826e-03 8.222484914868211e-04 1.425243607408311e-04 1.393884952228142e-03 4.831249924203418e-04 1.704389519284283e-03 7.680349884708615e-04 1.093393765027123e-03 1.170182887797744e-03 2.191169367453227e-03 1.697418612638973e-03 1.444533309048424e-03 8.064525647939191e-04 1.419539068989062e-03 1.535761023074844e-06 1.660072039979810e-03 5.486987606980465e-04 1.398279527175667e-03 1.612578593515240e-03 1.342055975082745e-03 1.055484642414534e-03 1.695586599928828e-03 4.976620032987600e-04 1.092748482654782e-04 9.955956034311819e-04 2.897420552722130e-05 9.015177883659187e-04 1.012340240545029e-03 2.073752757495884e-03 2.237024938852306e-04 1.338858765149470e-03 1.519459340843687e-03 1.935701125377831e-03 9.581251108411182e-04 3.278032156536492e-04 9.382732422974494e-04 3.140502636828080e-05 1.555411412045016e-03 2.175425408580040e-03 1.175553868555612e-03 1.446490919544963e-03 1.160562382590741e-03 2.008039765206110e-03 1.474203504781002e-05 2.000311546509148e-03 7.422339656702470e-04 1.082295249859505e-03 1.315095493577334e-03 2.122553847059810e-03 4.889197434961301e-04 2.212433865866503e-03 1.019792170258799e-03 6.219691839753905e-05 2.144748274211516e-04 1.104566324924783e-03 2.128159469773294e-03 1.656844674275182e-03 
200 6.9474202394e-01 2.1164500713e-01
--------------------------------------------------------------------------------
Region SL_V1, Group 1: FLOPS_DP
+-------------------+----------+
|    Region Info    |  Core 3  |
+-------------------+----------+
| RDTSC Runtime [s] | 0.000474 |
|     call count    |        1 |
+-------------------+----------+

+------------------------------------------+---------+---------+
|                   Event                  | Counter |  Core 3 |
+------------------------------------------+---------+---------+
|             INSTR_RETIRED_ANY            |  FIXC0  | 3543304 |
|           CPU_CLK_UNHALTED_CORE          |  FIXC1  | 1638821 |
|           CPU_CLK_UNHALTED_REF           |  FIXC2  | 1599346 |
| FP_ARITH_INST_RETIRED_128B_PACKED_DOUBLE |   PMC0  |       0 |
|    FP_ARITH_INST_RETIRED_SCALAR_DOUBLE   |   PMC1  | 1614610 |
| FP_ARITH_INST_RETIRED_256B_PACKED_DOUBLE |   PMC2  |       0 |
+------------------------------------------+---------+---------+

+----------------------+-----------+
|        Metric        |   Core 3  |
+----------------------+-----------+
|  Runtime (RDTSC) [s] |    0.0005 |
| Runtime unhalted [s] |    0.0005 |
|      Clock [MHz]     | 3492.0788 |
|          CPI         |    0.4625 |
|      DP MFLOP/s      | 3405.7653 |
|    AVX DP MFLOP/s    |         0 |
|    Packed MUOPS/s    |         0 |
|    Scalar MUOPS/s    | 3405.7653 |
|  Vectorization ratio |         0 |
+----------------------+-----------+

Region EG_V1, Group 1: FLOPS_DP
+-------------------+----------+
|    Region Info    |  Core 3  |
+-------------------+----------+
| RDTSC Runtime [s] | 0.000001 |
|     call count    |        1 |
+-------------------+----------+

+------------------------------------------+---------+--------+
|                   Event                  | Counter | Core 3 |
+------------------------------------------+---------+--------+
|             INSTR_RETIRED_ANY            |  FIXC0  |   7996 |
|           CPU_CLK_UNHALTED_CORE          |  FIXC1  |  12759 |
|           CPU_CLK_UNHALTED_REF           |  FIXC2  |  12354 |
| FP_ARITH_INST_RETIRED_128B_PACKED_DOUBLE |   PMC0  |     56 |
|    FP_ARITH_INST_RETIRED_SCALAR_DOUBLE   |   PMC1  |    346 |
| FP_ARITH_INST_RETIRED_256B_PACKED_DOUBLE |   PMC2  |    152 |
+------------------------------------------+---------+--------+

+----------------------+--------------+
|        Metric        |    Core 3    |
+----------------------+--------------+
|  Runtime (RDTSC) [s] | 1.233774e-06 |
| Runtime unhalted [s] | 3.743878e-06 |
|      Clock [MHz]     |    3519.6865 |
|          CPI         |       1.5957 |
|      DP MFLOP/s      |     864.0156 |
|    AVX DP MFLOP/s    |     492.7969 |
|    Packed MUOPS/s    |     168.5884 |
|    Scalar MUOPS/s    |     280.4403 |
|  Vectorization ratio |      37.5451 |
+----------------------+--------------+

