--------------------------------------------------------------------------------
CPU name:	Intel(R) Core(TM) i5-7500 CPU @ 3.40GHz
CPU type:	Intel Coffeelake processor
CPU clock:	3.41 GHz
--------------------------------------------------------------------------------
1.213891709532769e-01 -9.217620132977877e-01 1.828248140834292e+01 -1.532938408430652e+02 7.124320477236362e+02 -2.014100206508107e+03 3.625169970836134e+03 -4.199684437216763e+03 3.052348175754179e+03 -1.274448362511771e+03 2.344801389680707e+02 
4.733316499275636e-04 6.013433855662914e-04 1.305039644134573e-03 3.130541117630586e-03 9.057266572928130e-04 1.400414055182431e-03 3.237663898225968e-03 2.795676263767019e-03 2.058470882365215e-03 3.041046911091208e-03 4.057623370824201e-03 5.969422369746236e-05 5.385613805103912e-03 1.126465029938462e-03 1.811121406775126e-03 1.185459081522386e-03 1.526195545739961e-03 4.648618745744459e-03 4.524338753527826e-03 6.633561653512865e-03 6.004968660325835e-03 5.264966397206111e-03 1.240978682857163e-03 4.857403583942238e-03 3.316009686318039e-03 8.137613795323462e-04 6.490615842560804e-03 7.127272744979207e-04 4.128941896304805e-03 2.054299657494180e-03 4.436640913645429e-03 1.771454909145709e-03 5.292228319797782e-03 1.634665476662023e-03 6.708212405181102e-03 6.031590957971261e-03 6.609825658099838e-03 1.541110493166103e-03 7.732054416382250e-04 3.351300228959131e-03 3.608890193806724e-03 7.000235890241874e-03 2.501057850253202e-03 4.930578776085659e-03 1.734471542301719e-03 2.806468515983318e-03 2.001489107661403e-04 5.474976345191646e-03 2.896154970647824e-03 7.978615825854907e-04 1.727588110206235e-03 3.262619679983647e-03 1.820757500442555e-03 5.498165088560686e-03 7.822779828503545e-05 1.152511560587155e-03 4.160956813359151e-03 2.422540632792736e-03 3.886276042718961e-03 5.005356427862373e-03 3.598505343499092e-03 1.406944813859001e-03 2.816563013882556e-03 1.581008139632190e-03 
64 3.8310301304e-01 2.1143001318e-01
--------------------------------------------------------------------------------
Region SL_V1, Group 1: L3CACHE
+-------------------+----------+
|    Region Info    |  Core 3  |
+-------------------+----------+
| RDTSC Runtime [s] | 0.000163 |
|     call count    |        1 |
+-------------------+----------+

+--------------------------+---------+---------+
|           Event          | Counter |  Core 3 |
+--------------------------+---------+---------+
|     INSTR_RETIRED_ANY    |  FIXC0  | 1138429 |
|   CPU_CLK_UNHALTED_CORE  |  FIXC1  |  548646 |
|   CPU_CLK_UNHALTED_REF   |  FIXC2  |  506372 |
|  MEM_LOAD_RETIRED_L3_HIT |   PMC0  |     124 |
| MEM_LOAD_RETIRED_L3_MISS |   PMC1  |      35 |
|     UOPS_RETIRED_ALL     |   PMC2  | 1367995 |
+--------------------------+---------+---------+

+----------------------+--------------+
|        Metric        |    Core 3    |
+----------------------+--------------+
|  Runtime (RDTSC) [s] |       0.0002 |
| Runtime unhalted [s] |       0.0002 |
|      Clock [MHz]     |    3692.5118 |
|          CPI         |       0.4819 |
|    L3 request rate   |       0.0001 |
|     L3 miss rate     | 2.558489e-05 |
|     L3 miss ratio    |       0.2201 |
+----------------------+--------------+

Region EG_V1, Group 1: L3CACHE
+-------------------+----------+
|    Region Info    |  Core 3  |
+-------------------+----------+
| RDTSC Runtime [s] | 0.000001 |
|     call count    |        1 |
+-------------------+----------+

+--------------------------+---------+--------+
|           Event          | Counter | Core 3 |
+--------------------------+---------+--------+
|     INSTR_RETIRED_ANY    |  FIXC0  |   7996 |
|   CPU_CLK_UNHALTED_CORE  |  FIXC1  |  13231 |
|   CPU_CLK_UNHALTED_REF   |  FIXC2  |  12496 |
|  MEM_LOAD_RETIRED_L3_HIT |   PMC0  |     52 |
| MEM_LOAD_RETIRED_L3_MISS |   PMC1  |      2 |
|     UOPS_RETIRED_ALL     |   PMC2  |  10408 |
+--------------------------+---------+--------+

+----------------------+--------------+
|        Metric        |    Core 3    |
+----------------------+--------------+
|  Runtime (RDTSC) [s] | 1.174309e-06 |
| Runtime unhalted [s] | 3.882338e-06 |
|      Clock [MHz]     |    3608.4527 |
|          CPI         |       1.6547 |
|    L3 request rate   |       0.0052 |
|     L3 miss rate     |       0.0002 |
|     L3 miss ratio    |       0.0370 |
+----------------------+--------------+

--------------------------------------------------------------------------------
CPU name:	Intel(R) Core(TM) i5-7500 CPU @ 3.40GHz
CPU type:	Intel Coffeelake processor
CPU clock:	3.41 GHz
--------------------------------------------------------------------------------
1.213891709532769e-01 -9.217620132977877e-01 1.828248140834292e+01 -1.532938408430652e+02 7.124320477236362e+02 -2.014100206508107e+03 3.625169970836134e+03 -4.199684437216763e+03 3.052348175754179e+03 -1.274448362511771e+03 2.344801389680707e+02 
4.733316499275636e-04 6.013433855662914e-04 1.305039644134573e-03 3.130541117630586e-03 9.057266572928130e-04 1.400414055182431e-03 3.237663898225968e-03 2.795676263767019e-03 2.058470882365215e-03 3.041046911091208e-03 4.057623370824201e-03 5.969422369746236e-05 5.385613805103912e-03 1.126465029938462e-03 1.811121406775126e-03 1.185459081522386e-03 1.526195545739961e-03 4.648618745744459e-03 4.524338753527826e-03 6.633561653512865e-03 6.004968660325835e-03 5.264966397206111e-03 1.240978682857163e-03 4.857403583942238e-03 3.316009686318039e-03 8.137613795323462e-04 6.490615842560804e-03 7.127272744979207e-04 4.128941896304805e-03 2.054299657494180e-03 4.436640913645429e-03 1.771454909145709e-03 5.292228319797782e-03 1.634665476662023e-03 6.708212405181102e-03 6.031590957971261e-03 6.609825658099838e-03 1.541110493166103e-03 7.732054416382250e-04 3.351300228959131e-03 3.608890193806724e-03 7.000235890241874e-03 2.501057850253202e-03 4.930578776085659e-03 1.734471542301719e-03 2.806468515983318e-03 2.001489107661403e-04 5.474976345191646e-03 2.896154970647824e-03 7.978615825854907e-04 1.727588110206235e-03 3.262619679983647e-03 1.820757500442555e-03 5.498165088560686e-03 7.822779828503545e-05 1.152511560587155e-03 4.160956813359151e-03 2.422540632792736e-03 3.886276042718961e-03 5.005356427862373e-03 3.598505343499092e-03 1.406944813859001e-03 2.816563013882556e-03 1.581008139632190e-03 
64 4.4577002525e-01 2.7470004559e-01
--------------------------------------------------------------------------------
Region SL_V1, Group 1: ENERGY
+-------------------+----------+
|    Region Info    |  Core 3  |
+-------------------+----------+
| RDTSC Runtime [s] | 0.000164 |
|     call count    |        1 |
+-------------------+----------+

+-----------------------+---------+---------+
|         Event         | Counter |  Core 3 |
+-----------------------+---------+---------+
|   INSTR_RETIRED_ANY   |  FIXC0  | 1139373 |
| CPU_CLK_UNHALTED_CORE |  FIXC1  |  542992 |
|  CPU_CLK_UNHALTED_REF |  FIXC2  |  545706 |
|       TEMP_CORE       |   TMP0  |     196 |
|     PWR_PKG_ENERGY    |   PWR0  |  0.0079 |
|     PWR_PP0_ENERGY    |   PWR1  |  0.0020 |
|     PWR_PP1_ENERGY    |   PWR2  |       0 |
|    PWR_DRAM_ENERGY    |   PWR3  |  0.0005 |
+-----------------------+---------+---------+

+----------------------+-----------+
|        Metric        |   Core 3  |
+----------------------+-----------+
|  Runtime (RDTSC) [s] |    0.0002 |
| Runtime unhalted [s] |    0.0002 |
|      Clock [MHz]     | 3391.0857 |
|          CPI         |    0.4766 |
|    Temperature [C]   |       196 |
|      Energy [J]      |    0.0079 |
|       Power [W]      |   48.2401 |
|    Energy PP0 [J]    |    0.0020 |
|     Power PP0 [W]    |   12.2456 |
|    Energy PP1 [J]    |         0 |
|     Power PP1 [W]    |         0 |
|    Energy DRAM [J]   |    0.0005 |
|    Power DRAM [W]    |    3.3397 |
+----------------------+-----------+

Region EG_V1, Group 1: ENERGY
+-------------------+----------+
|    Region Info    |  Core 3  |
+-------------------+----------+
| RDTSC Runtime [s] | 0.000001 |
|     call count    |        1 |
+-------------------+----------+

+-----------------------+---------+--------+
|         Event         | Counter | Core 3 |
+-----------------------+---------+--------+
|   INSTR_RETIRED_ANY   |  FIXC0  |   8314 |
| CPU_CLK_UNHALTED_CORE |  FIXC1  |  13190 |
|  CPU_CLK_UNHALTED_REF |  FIXC2  |  13774 |
|       TEMP_CORE       |   TMP0  |    197 |
|     PWR_PKG_ENERGY    |   PWR0  |      0 |
|     PWR_PP0_ENERGY    |   PWR1  | 0.0009 |
|     PWR_PP1_ENERGY    |   PWR2  |      0 |
|    PWR_DRAM_ENERGY    |   PWR3  |      0 |
+-----------------------+---------+--------+

+----------------------+--------------+
|        Metric        |    Core 3    |
+----------------------+--------------+
|  Runtime (RDTSC) [s] | 1.300456e-06 |
| Runtime unhalted [s] | 3.870265e-06 |
|      Clock [MHz]     |    3263.5388 |
|          CPI         |       1.5865 |
|    Temperature [C]   |          197 |
|      Energy [J]      |            0 |
|       Power [W]      |            0 |
|    Energy PP0 [J]    |       0.0009 |
|     Power PP0 [W]    |     704.0048 |
|    Energy PP1 [J]    |            0 |
|     Power PP1 [W]    |            0 |
|    Energy DRAM [J]   |            0 |
|    Power DRAM [W]    |            0 |
+----------------------+--------------+

--------------------------------------------------------------------------------
CPU name:	Intel(R) Core(TM) i5-7500 CPU @ 3.40GHz
CPU type:	Intel Coffeelake processor
CPU clock:	3.41 GHz
--------------------------------------------------------------------------------
1.213891709532769e-01 -9.217620132977877e-01 1.828248140834292e+01 -1.532938408430652e+02 7.124320477236362e+02 -2.014100206508107e+03 3.625169970836134e+03 -4.199684437216763e+03 3.052348175754179e+03 -1.274448362511771e+03 2.344801389680707e+02 
4.733316499275636e-04 6.013433855662914e-04 1.305039644134573e-03 3.130541117630586e-03 9.057266572928130e-04 1.400414055182431e-03 3.237663898225968e-03 2.795676263767019e-03 2.058470882365215e-03 3.041046911091208e-03 4.057623370824201e-03 5.969422369746236e-05 5.385613805103912e-03 1.126465029938462e-03 1.811121406775126e-03 1.185459081522386e-03 1.526195545739961e-03 4.648618745744459e-03 4.524338753527826e-03 6.633561653512865e-03 6.004968660325835e-03 5.264966397206111e-03 1.240978682857163e-03 4.857403583942238e-03 3.316009686318039e-03 8.137613795323462e-04 6.490615842560804e-03 7.127272744979207e-04 4.128941896304805e-03 2.054299657494180e-03 4.436640913645429e-03 1.771454909145709e-03 5.292228319797782e-03 1.634665476662023e-03 6.708212405181102e-03 6.031590957971261e-03 6.609825658099838e-03 1.541110493166103e-03 7.732054416382250e-04 3.351300228959131e-03 3.608890193806724e-03 7.000235890241874e-03 2.501057850253202e-03 4.930578776085659e-03 1.734471542301719e-03 2.806468515983318e-03 2.001489107661403e-04 5.474976345191646e-03 2.896154970647824e-03 7.978615825854907e-04 1.727588110206235e-03 3.262619679983647e-03 1.820757500442555e-03 5.498165088560686e-03 7.822779828503545e-05 1.152511560587155e-03 4.160956813359151e-03 2.422540632792736e-03 3.886276042718961e-03 5.005356427862373e-03 3.598505343499092e-03 1.406944813859001e-03 2.816563013882556e-03 1.581008139632190e-03 
64 3.8177502155e-01 2.1298301220e-01
--------------------------------------------------------------------------------
Region SL_V1, Group 1: FLOPS_DP
+-------------------+----------+
|    Region Info    |  Core 3  |
+-------------------+----------+
| RDTSC Runtime [s] | 0.000162 |
|     call count    |        1 |
+-------------------+----------+

+------------------------------------------+---------+---------+
|                   Event                  | Counter |  Core 3 |
+------------------------------------------+---------+---------+
|             INSTR_RETIRED_ANY            |  FIXC0  | 1138417 |
|           CPU_CLK_UNHALTED_CORE          |  FIXC1  |  542262 |
|           CPU_CLK_UNHALTED_REF           |  FIXC2  |  528666 |
| FP_ARITH_INST_RETIRED_128B_PACKED_DOUBLE |   PMC0  |       0 |
|    FP_ARITH_INST_RETIRED_SCALAR_DOUBLE   |   PMC1  |  516682 |
| FP_ARITH_INST_RETIRED_256B_PACKED_DOUBLE |   PMC2  |       0 |
+------------------------------------------+---------+---------+

+----------------------+-----------+
|        Metric        |   Core 3  |
+----------------------+-----------+
|  Runtime (RDTSC) [s] |    0.0002 |
| Runtime unhalted [s] |    0.0002 |
|      Clock [MHz]     | 3495.6877 |
|          CPI         |    0.4763 |
|      DP MFLOP/s      | 3185.6568 |
|    AVX DP MFLOP/s    |         0 |
|    Packed MUOPS/s    |         0 |
|    Scalar MUOPS/s    | 3185.6568 |
|  Vectorization ratio |         0 |
+----------------------+-----------+

Region EG_V1, Group 1: FLOPS_DP
+-------------------+----------+
|    Region Info    |  Core 3  |
+-------------------+----------+
| RDTSC Runtime [s] | 0.000001 |
|     call count    |        1 |
+-------------------+----------+

+------------------------------------------+---------+--------+
|                   Event                  | Counter | Core 3 |
+------------------------------------------+---------+--------+
|             INSTR_RETIRED_ANY            |  FIXC0  |   7996 |
|           CPU_CLK_UNHALTED_CORE          |  FIXC1  |  13149 |
|           CPU_CLK_UNHALTED_REF           |  FIXC2  |  12638 |
| FP_ARITH_INST_RETIRED_128B_PACKED_DOUBLE |   PMC0  |     56 |
|    FP_ARITH_INST_RETIRED_SCALAR_DOUBLE   |   PMC1  |    346 |
| FP_ARITH_INST_RETIRED_256B_PACKED_DOUBLE |   PMC2  |    152 |
+------------------------------------------+---------+--------+

+----------------------+--------------+
|        Metric        |    Core 3    |
+----------------------+--------------+
|  Runtime (RDTSC) [s] | 1.288588e-06 |
| Runtime unhalted [s] | 3.858228e-06 |
|      Clock [MHz]     |    3545.8406 |
|          CPI         |       1.6444 |
|      DP MFLOP/s      |     827.2621 |
|    AVX DP MFLOP/s    |     471.8343 |
|    Packed MUOPS/s    |     161.4170 |
|    Scalar MUOPS/s    |     268.5110 |
|  Vectorization ratio |      37.5451 |
+----------------------+--------------+

