--------------------------------------------------------------------------------
CPU name:	Intel(R) Core(TM) i5-7500 CPU @ 3.40GHz
CPU type:	Intel Coffeelake processor
CPU clock:	3.41 GHz
--------------------------------------------------------------------------------
-2.134011398616508e+05 5.906380787425915e+06 -1.409205777470440e+07 -2.617220748569042e+08 1.979545129782581e+09 -6.351466660164353e+09 1.152138924523980e+10 -1.268354228887856e+10 8.431514327593323e+09 -3.124128896939870e+09 4.968102994414721e+08 
1.837906187516642e+05 1.401012051530076e+05 9.913087577061020e+04 6.129841072422147e+04 2.689783441870342e+04 3.884757278849896e+03 3.095592876432029e+04 5.430098896090832e+04 7.397143851768592e+04 9.007362586053384e+04 1.027585474283893e+05 1.122127124526315e+05 1.186500369079875e+05 1.223046192122247e+05 1.234243652039134e+05 1.222654445877366e+05 1.190874337487802e+05 1.141491443222228e+05 1.077050650005785e+05 1.000023313437979e+05 9.127829582710149e+04 8.175842215640574e+04 7.165474201182583e+04 6.116461070133647e+04 5.046979191777937e+04 3.973592347265456e+04 2.911215128705110e+04 1.873110213497311e+04 8.708967420542731e+03 8.541414295749206e+02 9.873763671001650e+03 1.828047223726285e+04 2.601916470211709e+04 3.304827927737959e+04 3.933893935927728e+04 4.487402259999893e+04 4.964721204487104e+04 5.366199773061265e+04 5.693073950745830e+04 5.947362602897192e+04 6.131771787887621e+04 6.249600739455812e+04 6.304643654940111e+04 6.301106441725675e+04 6.243516273904564e+04 6.136641564273116e+04 5.985415426395612e+04 5.794865757340028e+04 5.570046336691331e+04 5.315980697286881e+04 5.037603102546555e+04 4.739712256134460e+04 4.426928500250103e+04 4.103653427919556e+04 3.774042255010925e+04 3.441972665386084e+04 3.111027442337557e+04 2.784475230986080e+04 2.465261246339931e+04 2.156000421474909e+04 1.858971253862703e+04 1.576122898343700e+04 1.309074190226646e+04 1.059126592788811e+04 8.272712399185451e+03 6.142062939892420e+03 4.203524705621515e+03 2.458675123065178e+03 9.067127553232920e+02 4.553729985691563e+02 1.632561425256929e+03 2.631577274585406e+03 3.460682496128623e+03 4.129397056207002e+03 4.648317304614264e+03 5.028873562201522e+03 5.283097459823935e+03 5.423421432304934e+03 5.462495197252235e+03 5.412975727907354e+03 5.287368527939064e+03 5.097851174649640e+03 4.856160439022014e+03 4.573439044683880e+03 4.260138776982107e+03 3.925956089268118e+03 3.579692964362309e+03 3.229292271330301e+03 2.881732235133548e+03 2.543043773279717e+03 2.218279558882487e+03 1.911570893827159e+03 1.626125850414922e+03 1.364261697215035e+03 1.127493393060116e+03 9.165698777868588e+02 7.315492678280236e+02 5.718884441656630e+02 4.365366468259197e+02 3.240040027938164e+02 2.324627661270365e+02 1.598250497419435e+02 1.038529020931331e+02 6.223614016767277e+01 3.264940891609398e+01 1.285412205395992e+01 7.373889885068974e-01 5.639768363586622e+00 7.953118838716168e+00 7.671690783561379e+00 5.950885333918563e+00 3.690766613560479e+00 1.523473012071906e+00 1.607323512166048e-01 1.208961076113505e+00 1.618790789974295e+00 1.510207661619767e+00 1.110877716625898e+00 6.284982450395463e-01 2.759025321531317e-01 1.775975677018033e-01 3.633602008149664e-01 7.618357102817126e-01 1.217471818220859e+00 1.560088830687853e+00 1.673970728536299e+00 1.705052123432313e+00 2.258130005841124e+00 
128 2.6164597273e-01 2.0010501146e-01
--------------------------------------------------------------------------------
Region SL_V1, Group 1: L3CACHE
+-------------------+----------+
|    Region Info    |  Core 3  |
+-------------------+----------+
| RDTSC Runtime [s] | 0.000053 |
|     call count    |        1 |
+-------------------+----------+

+--------------------------+---------+--------+
|           Event          | Counter | Core 3 |
+--------------------------+---------+--------+
|     INSTR_RETIRED_ANY    |  FIXC0  | 250845 |
|   CPU_CLK_UNHALTED_CORE  |  FIXC1  | 174174 |
|   CPU_CLK_UNHALTED_REF   |  FIXC2  | 160460 |
|  MEM_LOAD_RETIRED_L3_HIT |   PMC0  |     81 |
| MEM_LOAD_RETIRED_L3_MISS |   PMC1  |     37 |
|     UOPS_RETIRED_ALL     |   PMC2  | 305915 |
+--------------------------+---------+--------+

+----------------------+-----------+
|        Metric        |   Core 3  |
+----------------------+-----------+
|  Runtime (RDTSC) [s] |    0.0001 |
| Runtime unhalted [s] |    0.0001 |
|      Clock [MHz]     | 3698.6602 |
|          CPI         |    0.6943 |
|    L3 request rate   |    0.0004 |
|     L3 miss rate     |    0.0001 |
|     L3 miss ratio    |    0.3136 |
+----------------------+-----------+

Region EG_V1, Group 1: L3CACHE
+-------------------+----------+
|    Region Info    |  Core 3  |
+-------------------+----------+
| RDTSC Runtime [s] | 0.000001 |
|     call count    |        1 |
+-------------------+----------+

+--------------------------+---------+--------+
|           Event          | Counter | Core 3 |
+--------------------------+---------+--------+
|     INSTR_RETIRED_ANY    |  FIXC0  |   8591 |
|   CPU_CLK_UNHALTED_CORE  |  FIXC1  |  13975 |
|   CPU_CLK_UNHALTED_REF   |  FIXC2  |  13348 |
|  MEM_LOAD_RETIRED_L3_HIT |   PMC0  |     61 |
| MEM_LOAD_RETIRED_L3_MISS |   PMC1  |      2 |
|     UOPS_RETIRED_ALL     |   PMC2  |  10804 |
+--------------------------+---------+--------+

+----------------------+--------------+
|        Metric        |    Core 3    |
+----------------------+--------------+
|  Runtime (RDTSC) [s] | 1.489423e-06 |
| Runtime unhalted [s] | 4.101323e-06 |
|      Clock [MHz]     |    3567.4961 |
|          CPI         |       1.6267 |
|    L3 request rate   |       0.0058 |
|     L3 miss rate     |       0.0002 |
|     L3 miss ratio    |       0.0317 |
+----------------------+--------------+

--------------------------------------------------------------------------------
CPU name:	Intel(R) Core(TM) i5-7500 CPU @ 3.40GHz
CPU type:	Intel Coffeelake processor
CPU clock:	3.41 GHz
--------------------------------------------------------------------------------
-2.134011398616508e+05 5.906380787425915e+06 -1.409205777470440e+07 -2.617220748569042e+08 1.979545129782581e+09 -6.351466660164353e+09 1.152138924523980e+10 -1.268354228887856e+10 8.431514327593323e+09 -3.124128896939870e+09 4.968102994414721e+08 
1.837906187516642e+05 1.401012051530076e+05 9.913087577061020e+04 6.129841072422147e+04 2.689783441870342e+04 3.884757278849896e+03 3.095592876432029e+04 5.430098896090832e+04 7.397143851768592e+04 9.007362586053384e+04 1.027585474283893e+05 1.122127124526315e+05 1.186500369079875e+05 1.223046192122247e+05 1.234243652039134e+05 1.222654445877366e+05 1.190874337487802e+05 1.141491443222228e+05 1.077050650005785e+05 1.000023313437979e+05 9.127829582710149e+04 8.175842215640574e+04 7.165474201182583e+04 6.116461070133647e+04 5.046979191777937e+04 3.973592347265456e+04 2.911215128705110e+04 1.873110213497311e+04 8.708967420542731e+03 8.541414295749206e+02 9.873763671001650e+03 1.828047223726285e+04 2.601916470211709e+04 3.304827927737959e+04 3.933893935927728e+04 4.487402259999893e+04 4.964721204487104e+04 5.366199773061265e+04 5.693073950745830e+04 5.947362602897192e+04 6.131771787887621e+04 6.249600739455812e+04 6.304643654940111e+04 6.301106441725675e+04 6.243516273904564e+04 6.136641564273116e+04 5.985415426395612e+04 5.794865757340028e+04 5.570046336691331e+04 5.315980697286881e+04 5.037603102546555e+04 4.739712256134460e+04 4.426928500250103e+04 4.103653427919556e+04 3.774042255010925e+04 3.441972665386084e+04 3.111027442337557e+04 2.784475230986080e+04 2.465261246339931e+04 2.156000421474909e+04 1.858971253862703e+04 1.576122898343700e+04 1.309074190226646e+04 1.059126592788811e+04 8.272712399185451e+03 6.142062939892420e+03 4.203524705621515e+03 2.458675123065178e+03 9.067127553232920e+02 4.553729985691563e+02 1.632561425256929e+03 2.631577274585406e+03 3.460682496128623e+03 4.129397056207002e+03 4.648317304614264e+03 5.028873562201522e+03 5.283097459823935e+03 5.423421432304934e+03 5.462495197252235e+03 5.412975727907354e+03 5.287368527939064e+03 5.097851174649640e+03 4.856160439022014e+03 4.573439044683880e+03 4.260138776982107e+03 3.925956089268118e+03 3.579692964362309e+03 3.229292271330301e+03 2.881732235133548e+03 2.543043773279717e+03 2.218279558882487e+03 1.911570893827159e+03 1.626125850414922e+03 1.364261697215035e+03 1.127493393060116e+03 9.165698777868588e+02 7.315492678280236e+02 5.718884441656630e+02 4.365366468259197e+02 3.240040027938164e+02 2.324627661270365e+02 1.598250497419435e+02 1.038529020931331e+02 6.223614016767277e+01 3.264940891609398e+01 1.285412205395992e+01 7.373889885068974e-01 5.639768363586622e+00 7.953118838716168e+00 7.671690783561379e+00 5.950885333918563e+00 3.690766613560479e+00 1.523473012071906e+00 1.607323512166048e-01 1.208961076113505e+00 1.618790789974295e+00 1.510207661619767e+00 1.110877716625898e+00 6.284982450395463e-01 2.759025321531317e-01 1.775975677018033e-01 3.633602008149664e-01 7.618357102817126e-01 1.217471818220859e+00 1.560088830687853e+00 1.673970728536299e+00 1.705052123432313e+00 2.258130005841124e+00 
128 3.3180695772e-01 2.6538598537e-01
--------------------------------------------------------------------------------
Region SL_V1, Group 1: ENERGY
+-------------------+----------+
|    Region Info    |  Core 3  |
+-------------------+----------+
| RDTSC Runtime [s] | 0.000056 |
|     call count    |        1 |
+-------------------+----------+

+-----------------------+---------+--------+
|         Event         | Counter | Core 3 |
+-----------------------+---------+--------+
|   INSTR_RETIRED_ANY   |  FIXC0  | 251872 |
| CPU_CLK_UNHALTED_CORE |  FIXC1  | 176644 |
|  CPU_CLK_UNHALTED_REF |  FIXC2  | 172104 |
|       TEMP_CORE       |   TMP0  |    197 |
|     PWR_PKG_ENERGY    |   PWR0  | 0.0077 |
|     PWR_PP0_ENERGY    |   PWR1  | 0.0018 |
|     PWR_PP1_ENERGY    |   PWR2  |      0 |
|    PWR_DRAM_ENERGY    |   PWR3  |      0 |
+-----------------------+---------+--------+

+----------------------+-----------+
|        Metric        |   Core 3  |
+----------------------+-----------+
|  Runtime (RDTSC) [s] |    0.0001 |
| Runtime unhalted [s] |    0.0001 |
|      Clock [MHz]     | 3496.5963 |
|          CPI         |    0.7013 |
|    Temperature [C]   |       197 |
|      Energy [J]      |    0.0077 |
|       Power [W]      |  136.6000 |
|    Energy PP0 [J]    |    0.0018 |
|     Power PP0 [W]    |   32.5238 |
|    Energy PP1 [J]    |         0 |
|     Power PP1 [W]    |         0 |
|    Energy DRAM [J]   |         0 |
|    Power DRAM [W]    |         0 |
+----------------------+-----------+

Region EG_V1, Group 1: ENERGY
+-------------------+----------+
|    Region Info    |  Core 3  |
+-------------------+----------+
| RDTSC Runtime [s] | 0.000002 |
|     call count    |        1 |
+-------------------+----------+

+-----------------------+---------+--------+
|         Event         | Counter | Core 3 |
+-----------------------+---------+--------+
|   INSTR_RETIRED_ANY   |  FIXC0  |   8909 |
| CPU_CLK_UNHALTED_CORE |  FIXC1  |  14678 |
|  CPU_CLK_UNHALTED_REF |  FIXC2  |  14626 |
|       TEMP_CORE       |   TMP0  |    197 |
|     PWR_PKG_ENERGY    |   PWR0  |      0 |
|     PWR_PP0_ENERGY    |   PWR1  | 0.0010 |
|     PWR_PP1_ENERGY    |   PWR2  |      0 |
|    PWR_DRAM_ENERGY    |   PWR3  |      0 |
+-----------------------+---------+--------+

+----------------------+--------------+
|        Metric        |    Core 3    |
+----------------------+--------------+
|  Runtime (RDTSC) [s] | 1.644942e-06 |
| Runtime unhalted [s] | 4.308532e-06 |
|      Clock [MHz]     |    3418.8408 |
|          CPI         |       1.6475 |
|    Temperature [C]   |          197 |
|      Energy [J]      |            0 |
|       Power [W]      |            0 |
|    Energy PP0 [J]    |       0.0010 |
|     Power PP0 [W]    |     630.7809 |
|    Energy PP1 [J]    |            0 |
|     Power PP1 [W]    |            0 |
|    Energy DRAM [J]   |            0 |
|    Power DRAM [W]    |            0 |
+----------------------+--------------+

--------------------------------------------------------------------------------
CPU name:	Intel(R) Core(TM) i5-7500 CPU @ 3.40GHz
CPU type:	Intel Coffeelake processor
CPU clock:	3.41 GHz
--------------------------------------------------------------------------------
-2.134011398616508e+05 5.906380787425915e+06 -1.409205777470440e+07 -2.617220748569042e+08 1.979545129782581e+09 -6.351466660164353e+09 1.152138924523980e+10 -1.268354228887856e+10 8.431514327593323e+09 -3.124128896939870e+09 4.968102994414721e+08 
1.837906187516642e+05 1.401012051530076e+05 9.913087577061020e+04 6.129841072422147e+04 2.689783441870342e+04 3.884757278849896e+03 3.095592876432029e+04 5.430098896090832e+04 7.397143851768592e+04 9.007362586053384e+04 1.027585474283893e+05 1.122127124526315e+05 1.186500369079875e+05 1.223046192122247e+05 1.234243652039134e+05 1.222654445877366e+05 1.190874337487802e+05 1.141491443222228e+05 1.077050650005785e+05 1.000023313437979e+05 9.127829582710149e+04 8.175842215640574e+04 7.165474201182583e+04 6.116461070133647e+04 5.046979191777937e+04 3.973592347265456e+04 2.911215128705110e+04 1.873110213497311e+04 8.708967420542731e+03 8.541414295749206e+02 9.873763671001650e+03 1.828047223726285e+04 2.601916470211709e+04 3.304827927737959e+04 3.933893935927728e+04 4.487402259999893e+04 4.964721204487104e+04 5.366199773061265e+04 5.693073950745830e+04 5.947362602897192e+04 6.131771787887621e+04 6.249600739455812e+04 6.304643654940111e+04 6.301106441725675e+04 6.243516273904564e+04 6.136641564273116e+04 5.985415426395612e+04 5.794865757340028e+04 5.570046336691331e+04 5.315980697286881e+04 5.037603102546555e+04 4.739712256134460e+04 4.426928500250103e+04 4.103653427919556e+04 3.774042255010925e+04 3.441972665386084e+04 3.111027442337557e+04 2.784475230986080e+04 2.465261246339931e+04 2.156000421474909e+04 1.858971253862703e+04 1.576122898343700e+04 1.309074190226646e+04 1.059126592788811e+04 8.272712399185451e+03 6.142062939892420e+03 4.203524705621515e+03 2.458675123065178e+03 9.067127553232920e+02 4.553729985691563e+02 1.632561425256929e+03 2.631577274585406e+03 3.460682496128623e+03 4.129397056207002e+03 4.648317304614264e+03 5.028873562201522e+03 5.283097459823935e+03 5.423421432304934e+03 5.462495197252235e+03 5.412975727907354e+03 5.287368527939064e+03 5.097851174649640e+03 4.856160439022014e+03 4.573439044683880e+03 4.260138776982107e+03 3.925956089268118e+03 3.579692964362309e+03 3.229292271330301e+03 2.881732235133548e+03 2.543043773279717e+03 2.218279558882487e+03 1.911570893827159e+03 1.626125850414922e+03 1.364261697215035e+03 1.127493393060116e+03 9.165698777868588e+02 7.315492678280236e+02 5.718884441656630e+02 4.365366468259197e+02 3.240040027938164e+02 2.324627661270365e+02 1.598250497419435e+02 1.038529020931331e+02 6.223614016767277e+01 3.264940891609398e+01 1.285412205395992e+01 7.373889885068974e-01 5.639768363586622e+00 7.953118838716168e+00 7.671690783561379e+00 5.950885333918563e+00 3.690766613560479e+00 1.523473012071906e+00 1.607323512166048e-01 1.208961076113505e+00 1.618790789974295e+00 1.510207661619767e+00 1.110877716625898e+00 6.284982450395463e-01 2.759025321531317e-01 1.775975677018033e-01 3.633602008149664e-01 7.618357102817126e-01 1.217471818220859e+00 1.560088830687853e+00 1.673970728536299e+00 1.705052123432313e+00 2.258130005841124e+00 
128 2.5887799263e-01 1.9659900665e-01
--------------------------------------------------------------------------------
Region SL_V1, Group 1: FLOPS_DP
+-------------------+----------+
|    Region Info    |  Core 3  |
+-------------------+----------+
| RDTSC Runtime [s] | 0.000054 |
|     call count    |        1 |
+-------------------+----------+

+------------------------------------------+---------+--------+
|                   Event                  | Counter | Core 3 |
+------------------------------------------+---------+--------+
|             INSTR_RETIRED_ANY            |  FIXC0  | 250863 |
|           CPU_CLK_UNHALTED_CORE          |  FIXC1  | 173618 |
|           CPU_CLK_UNHALTED_REF           |  FIXC2  | 155632 |
| FP_ARITH_INST_RETIRED_128B_PACKED_DOUBLE |   PMC0  |      0 |
|    FP_ARITH_INST_RETIRED_SCALAR_DOUBLE   |   PMC1  |  97802 |
| FP_ARITH_INST_RETIRED_256B_PACKED_DOUBLE |   PMC2  |   3872 |
+------------------------------------------+---------+--------+

+----------------------+-----------+
|        Metric        |   Core 3  |
+----------------------+-----------+
|  Runtime (RDTSC) [s] |    0.0001 |
| Runtime unhalted [s] |    0.0001 |
|      Clock [MHz]     | 3801.8710 |
|          CPI         |    0.6921 |
|      DP MFLOP/s      | 2099.1505 |
|    AVX DP MFLOP/s    |  286.9772 |
|    Packed MUOPS/s    |   71.7443 |
|    Scalar MUOPS/s    | 1812.1734 |
|  Vectorization ratio |    3.8082 |
+----------------------+-----------+

Region EG_V1, Group 1: FLOPS_DP
+-------------------+----------+
|    Region Info    |  Core 3  |
+-------------------+----------+
| RDTSC Runtime [s] | 0.000001 |
|     call count    |        1 |
+-------------------+----------+

+------------------------------------------+---------+--------+
|                   Event                  | Counter | Core 3 |
+------------------------------------------+---------+--------+
|             INSTR_RETIRED_ANY            |  FIXC0  |   8591 |
|           CPU_CLK_UNHALTED_CORE          |  FIXC1  |  14007 |
|           CPU_CLK_UNHALTED_REF           |  FIXC2  |  12638 |
| FP_ARITH_INST_RETIRED_128B_PACKED_DOUBLE |   PMC0  |     61 |
|    FP_ARITH_INST_RETIRED_SCALAR_DOUBLE   |   PMC1  |    336 |
| FP_ARITH_INST_RETIRED_256B_PACKED_DOUBLE |   PMC2  |    152 |
+------------------------------------------+---------+--------+

+----------------------+--------------+
|        Metric        |    Core 3    |
+----------------------+--------------+
|  Runtime (RDTSC) [s] | 1.464185e-06 |
| Runtime unhalted [s] | 4.110017e-06 |
|      Clock [MHz]     |    3777.1854 |
|          CPI         |       1.6304 |
|      DP MFLOP/s      |     728.0501 |
|    AVX DP MFLOP/s    |     415.2481 |
|    Packed MUOPS/s    |     145.4734 |
|    Scalar MUOPS/s    |     229.4792 |
|  Vectorization ratio |      38.7978 |
+----------------------+--------------+

