--------------------------------------------------------------------------------
CPU name:	Intel(R) Core(TM) i5-7500 CPU @ 3.40GHz
CPU type:	Intel Coffeelake processor
CPU clock:	3.41 GHz
--------------------------------------------------------------------------------
1.021056109972187e-01 6.013471258006269e-02 2.703109528014628e-01 -6.229378934796102e+00 5.346760015477987e+01 -2.318728059928324e+02 5.785351267216886e+02 -8.661100046156649e+02 7.691288971818850e+02 -3.736253655474196e+02 7.653060303962427e+01 
1.935483746727668e-03 7.695170597492307e-05 1.639601812313665e-03 3.415451705063716e-04 1.321415184876176e-03 1.034872544460747e-04 1.104377842622323e-03 5.683105895295387e-04 1.250318866058586e-03 1.694448627906756e-03 5.679151143689887e-04 6.650391179273546e-04 2.222138694710482e-03 4.077063432744721e-05 4.436214236886032e-04 4.102134323208523e-04 3.230844580890541e-04 1.229323016879710e-03 1.754135921243752e-03 1.811489926720547e-03 2.200043000632521e-03 1.901030205874524e-03 2.625542900856759e-04 1.598352780328521e-03 1.106301850278130e-03 1.367654225902515e-04 2.260691233775328e-03 4.477066903489091e-04 1.549224206541730e-03 4.498979963176303e-04 1.260519954615513e-03 6.530848567249947e-04 1.686883422298072e-03 6.361538108977938e-04 2.372384229043928e-03 2.266891626967832e-03 1.677120175057500e-03 1.014766902651468e-03 3.329085145590410e-04 4.643900030124049e-04 1.754763889643129e-03 1.687116464315200e-03 1.266418492279417e-03 1.918218057830712e-03 7.345954048846581e-04 9.085307392569936e-04 2.850572307643573e-04 2.192906999307742e-03 2.701445626865223e-04 1.107824810469490e-03 1.564188347502909e-03 7.113678551025349e-05 1.728935113074662e-03 6.704095758543333e-04 9.567997666963257e-04 3.014062408110002e-04 1.642608505534909e-03 6.527712044734624e-04 1.827861790788171e-03 6.051599647628747e-04 2.390690008677698e-03 6.858347942568788e-04 1.339960854939662e-03 1.700454058451345e-03 1.087986455771447e-03 1.293428220151327e-03 1.864581018090256e-03 2.112760881444742e-04 1.560239903102001e-04 9.833460321347215e-04 1.816095128755829e-03 9.350058972417141e-04 1.734995671995615e-03 4.920983284497915e-04 1.637775001200770e-03 1.830446101665772e-04 1.898527556284196e-03 3.592916373000021e-04 1.267719577271453e-04 6.148808202011136e-04 1.435705526555781e-03 4.618966633727351e-04 1.436573677036340e-03 1.800485911769706e-03 1.801208146313682e-03 2.520911633922873e-03 1.483034116311538e-03 1.446894384048381e-03 1.153446974380246e-03 2.307326135977616e-03 1.027594170885382e-04 1.823866563089999e-03 7.549267931397652e-05 1.836101041461202e-03 1.599368838825055e-03 7.626118566305407e-04 1.387398643660442e-03 1.527124972547811e-03 2.502404866751129e-03 1.810364664501518e-03 1.428914709335566e-03 1.303093905785785e-03 7.371522816746190e-04 1.928595400118027e-04 1.153414025639510e-03 2.995899920714140e-04 2.110369811729490e-03 2.128072997025499e-03 2.213575626442893e-03 8.349087471227756e-04 5.335268933187864e-04 8.867111823752660e-04 1.892248487876169e-03 1.804272421729480e-03 6.656423833933944e-06 2.436413422423289e-03 1.913151725541906e-03 9.173884503171637e-04 1.594624308937725e-03 6.302907907499988e-04 6.796781746608027e-04 7.743012757000789e-04 3.219481476421371e-05 1.896949696781031e-03 1.447343348176505e-03 9.499543713617775e-04 1.388445715312076e-03 3.608353668821951e-04 1.949894060730789e-03 1.411766997802988e-03 1.072599027456961e-03 8.951517487976735e-04 2.233235624598817e-04 2.165953357503581e-03 1.425102415250484e-03 1.543380997856308e-03 7.021625923364638e-06 1.872513818536786e-03 1.840066169401550e-03 3.870984588638937e-04 3.202176386599975e-04 1.325903933137446e-03 2.152751233353956e-03 1.100289217884826e-03 8.222484914953421e-04 1.425243607621474e-04 1.393884952224589e-03 4.831249923982206e-04 1.704389519287308e-03 7.680349884678361e-04 1.093393765019823e-03 1.170182887801297e-03 2.191169367459611e-03 1.697418612621210e-03 1.444533309065466e-03 8.064525648106002e-04 1.419539068989062e-03 1.535761007087633e-06 1.660072039984056e-03 5.486987607137006e-04 1.398279527182772e-03 1.612578593515240e-03 1.342055975093404e-03 1.055484642382559e-03 1.695586599977150e-03 4.976620032774437e-04 1.092748482676154e-04 9.955956034453928e-04 2.897420556416397e-05 9.015177883374970e-04 1.012340240513748e-03 2.073752757481673e-03 2.237024938831211e-04 1.338858765177892e-03 1.519459340801055e-03 1.935701125366479e-03 9.581251108269073e-04 3.278032156934230e-04 9.382732423571516e-04 3.140502639384368e-05 1.555411412017982e-03 2.175425408551618e-03 1.175553868684898e-03 1.446490919466803e-03 1.160562382538144e-03 2.008039765231673e-03 1.474203511034333e-05 2.000311546523359e-03 7.422339654939991e-04 1.082295249973192e-03 1.315095493577334e-03 2.122553847025671e-03 4.889197433483039e-04 2.212433865838082e-03 1.019792170281503e-03 6.219691857378695e-05 2.144748272989716e-04 1.104566324981626e-03 2.128159469682311e-03 1.656844674397362e-03 
200 6.4559799433e-01 1.9747501612e-01
--------------------------------------------------------------------------------
Region SL_V1, Group 1: L3CACHE
+-------------------+----------+
|    Region Info    |  Core 3  |
+-------------------+----------+
| RDTSC Runtime [s] | 0.000439 |
|     call count    |        1 |
+-------------------+----------+

+--------------------------+---------+---------+
|           Event          | Counter |  Core 3 |
+--------------------------+---------+---------+
|     INSTR_RETIRED_ANY    |  FIXC0  | 3543316 |
|   CPU_CLK_UNHALTED_CORE  |  FIXC1  | 1641103 |
|   CPU_CLK_UNHALTED_REF   |  FIXC2  | 1475238 |
|  MEM_LOAD_RETIRED_L3_HIT |   PMC0  |      82 |
| MEM_LOAD_RETIRED_L3_MISS |   PMC1  |      32 |
|     UOPS_RETIRED_ALL     |   PMC2  | 4251464 |
+--------------------------+---------+---------+

+----------------------+--------------+
|        Metric        |    Core 3    |
+----------------------+--------------+
|  Runtime (RDTSC) [s] |       0.0004 |
| Runtime unhalted [s] |       0.0005 |
|      Clock [MHz]     |    3789.5131 |
|          CPI         |       0.4632 |
|    L3 request rate   | 2.681429e-05 |
|     L3 miss rate     | 7.526819e-06 |
|     L3 miss ratio    |       0.2807 |
+----------------------+--------------+

Region EG_V1, Group 1: L3CACHE
+-------------------+----------+
|    Region Info    |  Core 3  |
+-------------------+----------+
| RDTSC Runtime [s] | 0.000001 |
|     call count    |        1 |
+-------------------+----------+

+--------------------------+---------+--------+
|           Event          | Counter | Core 3 |
+--------------------------+---------+--------+
|     INSTR_RETIRED_ANY    |  FIXC0  |   8626 |
|   CPU_CLK_UNHALTED_CORE  |  FIXC1  |  13677 |
|   CPU_CLK_UNHALTED_REF   |  FIXC2  |  12354 |
|  MEM_LOAD_RETIRED_L3_HIT |   PMC0  |     45 |
| MEM_LOAD_RETIRED_L3_MISS |   PMC1  |      2 |
|     UOPS_RETIRED_ALL     |   PMC2  |  10872 |
+--------------------------+---------+--------+

+----------------------+--------------+
|        Metric        |    Core 3    |
+----------------------+--------------+
|  Runtime (RDTSC) [s] | 1.427828e-06 |
| Runtime unhalted [s] | 4.014960e-06 |
|      Clock [MHz]     |    3771.3160 |
|          CPI         |       1.5856 |
|    L3 request rate   |       0.0043 |
|     L3 miss rate     |       0.0002 |
|     L3 miss ratio    |       0.0426 |
+----------------------+--------------+

--------------------------------------------------------------------------------
CPU name:	Intel(R) Core(TM) i5-7500 CPU @ 3.40GHz
CPU type:	Intel Coffeelake processor
CPU clock:	3.41 GHz
--------------------------------------------------------------------------------
1.021056109972187e-01 6.013471258006269e-02 2.703109528014628e-01 -6.229378934796102e+00 5.346760015477987e+01 -2.318728059928324e+02 5.785351267216886e+02 -8.661100046156649e+02 7.691288971818850e+02 -3.736253655474196e+02 7.653060303962427e+01 
1.935483746727668e-03 7.695170597492307e-05 1.639601812313665e-03 3.415451705063716e-04 1.321415184876176e-03 1.034872544460747e-04 1.104377842622323e-03 5.683105895295387e-04 1.250318866058586e-03 1.694448627906756e-03 5.679151143689887e-04 6.650391179273546e-04 2.222138694710482e-03 4.077063432744721e-05 4.436214236886032e-04 4.102134323208523e-04 3.230844580890541e-04 1.229323016879710e-03 1.754135921243752e-03 1.811489926720547e-03 2.200043000632521e-03 1.901030205874524e-03 2.625542900856759e-04 1.598352780328521e-03 1.106301850278130e-03 1.367654225902515e-04 2.260691233775328e-03 4.477066903489091e-04 1.549224206541730e-03 4.498979963176303e-04 1.260519954615513e-03 6.530848567249947e-04 1.686883422298072e-03 6.361538108977938e-04 2.372384229043928e-03 2.266891626967832e-03 1.677120175057500e-03 1.014766902651468e-03 3.329085145590410e-04 4.643900030124049e-04 1.754763889643129e-03 1.687116464315200e-03 1.266418492279417e-03 1.918218057830712e-03 7.345954048846581e-04 9.085307392569936e-04 2.850572307643573e-04 2.192906999307742e-03 2.701445626865223e-04 1.107824810469490e-03 1.564188347502909e-03 7.113678551025349e-05 1.728935113074662e-03 6.704095758543333e-04 9.567997666963257e-04 3.014062408110002e-04 1.642608505534909e-03 6.527712044734624e-04 1.827861790788171e-03 6.051599647628747e-04 2.390690008677698e-03 6.858347942568788e-04 1.339960854939662e-03 1.700454058451345e-03 1.087986455771447e-03 1.293428220151327e-03 1.864581018090256e-03 2.112760881444742e-04 1.560239903102001e-04 9.833460321347215e-04 1.816095128755829e-03 9.350058972417141e-04 1.734995671995615e-03 4.920983284497915e-04 1.637775001200770e-03 1.830446101665772e-04 1.898527556284196e-03 3.592916373000021e-04 1.267719577271453e-04 6.148808202011136e-04 1.435705526555781e-03 4.618966633727351e-04 1.436573677036340e-03 1.800485911769706e-03 1.801208146313682e-03 2.520911633922873e-03 1.483034116311538e-03 1.446894384048381e-03 1.153446974380246e-03 2.307326135977616e-03 1.027594170885382e-04 1.823866563089999e-03 7.549267931397652e-05 1.836101041461202e-03 1.599368838825055e-03 7.626118566305407e-04 1.387398643660442e-03 1.527124972547811e-03 2.502404866751129e-03 1.810364664501518e-03 1.428914709335566e-03 1.303093905785785e-03 7.371522816746190e-04 1.928595400118027e-04 1.153414025639510e-03 2.995899920714140e-04 2.110369811729490e-03 2.128072997025499e-03 2.213575626442893e-03 8.349087471227756e-04 5.335268933187864e-04 8.867111823752660e-04 1.892248487876169e-03 1.804272421729480e-03 6.656423833933944e-06 2.436413422423289e-03 1.913151725541906e-03 9.173884503171637e-04 1.594624308937725e-03 6.302907907499988e-04 6.796781746608027e-04 7.743012757000789e-04 3.219481476421371e-05 1.896949696781031e-03 1.447343348176505e-03 9.499543713617775e-04 1.388445715312076e-03 3.608353668821951e-04 1.949894060730789e-03 1.411766997802988e-03 1.072599027456961e-03 8.951517487976735e-04 2.233235624598817e-04 2.165953357503581e-03 1.425102415250484e-03 1.543380997856308e-03 7.021625923364638e-06 1.872513818536786e-03 1.840066169401550e-03 3.870984588638937e-04 3.202176386599975e-04 1.325903933137446e-03 2.152751233353956e-03 1.100289217884826e-03 8.222484914953421e-04 1.425243607621474e-04 1.393884952224589e-03 4.831249923982206e-04 1.704389519287308e-03 7.680349884678361e-04 1.093393765019823e-03 1.170182887801297e-03 2.191169367459611e-03 1.697418612621210e-03 1.444533309065466e-03 8.064525648106002e-04 1.419539068989062e-03 1.535761007087633e-06 1.660072039984056e-03 5.486987607137006e-04 1.398279527182772e-03 1.612578593515240e-03 1.342055975093404e-03 1.055484642382559e-03 1.695586599977150e-03 4.976620032774437e-04 1.092748482676154e-04 9.955956034453928e-04 2.897420556416397e-05 9.015177883374970e-04 1.012340240513748e-03 2.073752757481673e-03 2.237024938831211e-04 1.338858765177892e-03 1.519459340801055e-03 1.935701125366479e-03 9.581251108269073e-04 3.278032156934230e-04 9.382732423571516e-04 3.140502639384368e-05 1.555411412017982e-03 2.175425408551618e-03 1.175553868684898e-03 1.446490919466803e-03 1.160562382538144e-03 2.008039765231673e-03 1.474203511034333e-05 2.000311546523359e-03 7.422339654939991e-04 1.082295249973192e-03 1.315095493577334e-03 2.122553847025671e-03 4.889197433483039e-04 2.212433865838082e-03 1.019792170281503e-03 6.219691857378695e-05 2.144748272989716e-04 1.104566324981626e-03 2.128159469682311e-03 1.656844674397362e-03 
200 7.6736795902e-01 2.6982098818e-01
--------------------------------------------------------------------------------
Region SL_V1, Group 1: ENERGY
+-------------------+----------+
|    Region Info    |  Core 3  |
+-------------------+----------+
| RDTSC Runtime [s] | 0.000487 |
|     call count    |        1 |
+-------------------+----------+

+-----------------------+---------+---------+
|         Event         | Counter |  Core 3 |
+-----------------------+---------+---------+
|   INSTR_RETIRED_ANY   |  FIXC0  | 3544261 |
| CPU_CLK_UNHALTED_CORE |  FIXC1  | 1639282 |
|  CPU_CLK_UNHALTED_REF |  FIXC2  | 1646774 |
|       TEMP_CORE       |   TMP0  |     198 |
|     PWR_PKG_ENERGY    |   PWR0  |       0 |
|     PWR_PP0_ENERGY    |   PWR1  |  0.0053 |
|     PWR_PP1_ENERGY    |   PWR2  |       0 |
|    PWR_DRAM_ENERGY    |   PWR3  |       0 |
+-----------------------+---------+---------+

+----------------------+-----------+
|        Metric        |   Core 3  |
+----------------------+-----------+
|  Runtime (RDTSC) [s] |    0.0005 |
| Runtime unhalted [s] |    0.0005 |
|      Clock [MHz]     | 3392.3861 |
|          CPI         |    0.4625 |
|    Temperature [C]   |       198 |
|      Energy [J]      |         0 |
|       Power [W]      |         0 |
|    Energy PP0 [J]    |    0.0053 |
|     Power PP0 [W]    |   10.8982 |
|    Energy PP1 [J]    |         0 |
|     Power PP1 [W]    |         0 |
|    Energy DRAM [J]   |         0 |
|    Power DRAM [W]    |         0 |
+----------------------+-----------+

Region EG_V1, Group 1: ENERGY
+-------------------+----------+
|    Region Info    |  Core 3  |
+-------------------+----------+
| RDTSC Runtime [s] | 0.000002 |
|     call count    |        1 |
+-------------------+----------+

+-----------------------+---------+--------+
|         Event         | Counter | Core 3 |
+-----------------------+---------+--------+
|   INSTR_RETIRED_ANY   |  FIXC0  |   8944 |
| CPU_CLK_UNHALTED_CORE |  FIXC1  |  15639 |
|  CPU_CLK_UNHALTED_REF |  FIXC2  |  15904 |
|       TEMP_CORE       |   TMP0  |    198 |
|     PWR_PKG_ENERGY    |   PWR0  |      0 |
|     PWR_PP0_ENERGY    |   PWR1  | 0.0009 |
|     PWR_PP1_ENERGY    |   PWR2  |      0 |
|    PWR_DRAM_ENERGY    |   PWR3  |      0 |
+-----------------------+---------+--------+

+----------------------+--------------+
|        Metric        |    Core 3    |
+----------------------+--------------+
|  Runtime (RDTSC) [s] | 1.705970e-06 |
| Runtime unhalted [s] | 4.589056e-06 |
|      Clock [MHz]     |    3351.1064 |
|          CPI         |       1.7485 |
|    Temperature [C]   |          198 |
|      Energy [J]      |            0 |
|       Power [W]      |            0 |
|    Energy PP0 [J]    |       0.0009 |
|     Power PP0 [W]    |     500.8835 |
|    Energy PP1 [J]    |            0 |
|     Power PP1 [W]    |            0 |
|    Energy DRAM [J]   |            0 |
|    Power DRAM [W]    |            0 |
+----------------------+--------------+

--------------------------------------------------------------------------------
CPU name:	Intel(R) Core(TM) i5-7500 CPU @ 3.40GHz
CPU type:	Intel Coffeelake processor
CPU clock:	3.41 GHz
--------------------------------------------------------------------------------
1.021056109972187e-01 6.013471258006269e-02 2.703109528014628e-01 -6.229378934796102e+00 5.346760015477987e+01 -2.318728059928324e+02 5.785351267216886e+02 -8.661100046156649e+02 7.691288971818850e+02 -3.736253655474196e+02 7.653060303962427e+01 
1.935483746727668e-03 7.695170597492307e-05 1.639601812313665e-03 3.415451705063716e-04 1.321415184876176e-03 1.034872544460747e-04 1.104377842622323e-03 5.683105895295387e-04 1.250318866058586e-03 1.694448627906756e-03 5.679151143689887e-04 6.650391179273546e-04 2.222138694710482e-03 4.077063432744721e-05 4.436214236886032e-04 4.102134323208523e-04 3.230844580890541e-04 1.229323016879710e-03 1.754135921243752e-03 1.811489926720547e-03 2.200043000632521e-03 1.901030205874524e-03 2.625542900856759e-04 1.598352780328521e-03 1.106301850278130e-03 1.367654225902515e-04 2.260691233775328e-03 4.477066903489091e-04 1.549224206541730e-03 4.498979963176303e-04 1.260519954615513e-03 6.530848567249947e-04 1.686883422298072e-03 6.361538108977938e-04 2.372384229043928e-03 2.266891626967832e-03 1.677120175057500e-03 1.014766902651468e-03 3.329085145590410e-04 4.643900030124049e-04 1.754763889643129e-03 1.687116464315200e-03 1.266418492279417e-03 1.918218057830712e-03 7.345954048846581e-04 9.085307392569936e-04 2.850572307643573e-04 2.192906999307742e-03 2.701445626865223e-04 1.107824810469490e-03 1.564188347502909e-03 7.113678551025349e-05 1.728935113074662e-03 6.704095758543333e-04 9.567997666963257e-04 3.014062408110002e-04 1.642608505534909e-03 6.527712044734624e-04 1.827861790788171e-03 6.051599647628747e-04 2.390690008677698e-03 6.858347942568788e-04 1.339960854939662e-03 1.700454058451345e-03 1.087986455771447e-03 1.293428220151327e-03 1.864581018090256e-03 2.112760881444742e-04 1.560239903102001e-04 9.833460321347215e-04 1.816095128755829e-03 9.350058972417141e-04 1.734995671995615e-03 4.920983284497915e-04 1.637775001200770e-03 1.830446101665772e-04 1.898527556284196e-03 3.592916373000021e-04 1.267719577271453e-04 6.148808202011136e-04 1.435705526555781e-03 4.618966633727351e-04 1.436573677036340e-03 1.800485911769706e-03 1.801208146313682e-03 2.520911633922873e-03 1.483034116311538e-03 1.446894384048381e-03 1.153446974380246e-03 2.307326135977616e-03 1.027594170885382e-04 1.823866563089999e-03 7.549267931397652e-05 1.836101041461202e-03 1.599368838825055e-03 7.626118566305407e-04 1.387398643660442e-03 1.527124972547811e-03 2.502404866751129e-03 1.810364664501518e-03 1.428914709335566e-03 1.303093905785785e-03 7.371522816746190e-04 1.928595400118027e-04 1.153414025639510e-03 2.995899920714140e-04 2.110369811729490e-03 2.128072997025499e-03 2.213575626442893e-03 8.349087471227756e-04 5.335268933187864e-04 8.867111823752660e-04 1.892248487876169e-03 1.804272421729480e-03 6.656423833933944e-06 2.436413422423289e-03 1.913151725541906e-03 9.173884503171637e-04 1.594624308937725e-03 6.302907907499988e-04 6.796781746608027e-04 7.743012757000789e-04 3.219481476421371e-05 1.896949696781031e-03 1.447343348176505e-03 9.499543713617775e-04 1.388445715312076e-03 3.608353668821951e-04 1.949894060730789e-03 1.411766997802988e-03 1.072599027456961e-03 8.951517487976735e-04 2.233235624598817e-04 2.165953357503581e-03 1.425102415250484e-03 1.543380997856308e-03 7.021625923364638e-06 1.872513818536786e-03 1.840066169401550e-03 3.870984588638937e-04 3.202176386599975e-04 1.325903933137446e-03 2.152751233353956e-03 1.100289217884826e-03 8.222484914953421e-04 1.425243607621474e-04 1.393884952224589e-03 4.831249923982206e-04 1.704389519287308e-03 7.680349884678361e-04 1.093393765019823e-03 1.170182887801297e-03 2.191169367459611e-03 1.697418612621210e-03 1.444533309065466e-03 8.064525648106002e-04 1.419539068989062e-03 1.535761007087633e-06 1.660072039984056e-03 5.486987607137006e-04 1.398279527182772e-03 1.612578593515240e-03 1.342055975093404e-03 1.055484642382559e-03 1.695586599977150e-03 4.976620032774437e-04 1.092748482676154e-04 9.955956034453928e-04 2.897420556416397e-05 9.015177883374970e-04 1.012340240513748e-03 2.073752757481673e-03 2.237024938831211e-04 1.338858765177892e-03 1.519459340801055e-03 1.935701125366479e-03 9.581251108269073e-04 3.278032156934230e-04 9.382732423571516e-04 3.140502639384368e-05 1.555411412017982e-03 2.175425408551618e-03 1.175553868684898e-03 1.446490919466803e-03 1.160562382538144e-03 2.008039765231673e-03 1.474203511034333e-05 2.000311546523359e-03 7.422339654939991e-04 1.082295249973192e-03 1.315095493577334e-03 2.122553847025671e-03 4.889197433483039e-04 2.212433865838082e-03 1.019792170281503e-03 6.219691857378695e-05 2.144748272989716e-04 1.104566324981626e-03 2.128159469682311e-03 1.656844674397362e-03 
200 7.0145398378e-01 2.1744501591e-01
--------------------------------------------------------------------------------
Region SL_V1, Group 1: FLOPS_DP
+-------------------+----------+
|    Region Info    |  Core 3  |
+-------------------+----------+
| RDTSC Runtime [s] | 0.000475 |
|     call count    |        1 |
+-------------------+----------+

+------------------------------------------+---------+---------+
|                   Event                  | Counter |  Core 3 |
+------------------------------------------+---------+---------+
|             INSTR_RETIRED_ANY            |  FIXC0  | 3543304 |
|           CPU_CLK_UNHALTED_CORE          |  FIXC1  | 1640452 |
|           CPU_CLK_UNHALTED_REF           |  FIXC2  | 1600766 |
| FP_ARITH_INST_RETIRED_128B_PACKED_DOUBLE |   PMC0  |       0 |
|    FP_ARITH_INST_RETIRED_SCALAR_DOUBLE   |   PMC1  | 1614610 |
| FP_ARITH_INST_RETIRED_256B_PACKED_DOUBLE |   PMC2  |       0 |
+------------------------------------------+---------+---------+

+----------------------+-----------+
|        Metric        |   Core 3  |
+----------------------+-----------+
|  Runtime (RDTSC) [s] |    0.0005 |
| Runtime unhalted [s] |    0.0005 |
|      Clock [MHz]     | 3492.5235 |
|          CPI         |    0.4630 |
|      DP MFLOP/s      | 3402.6109 |
|    AVX DP MFLOP/s    |         0 |
|    Packed MUOPS/s    |         0 |
|    Scalar MUOPS/s    | 3402.6109 |
|  Vectorization ratio |         0 |
+----------------------+-----------+

Region EG_V1, Group 1: FLOPS_DP
+-------------------+----------+
|    Region Info    |  Core 3  |
+-------------------+----------+
| RDTSC Runtime [s] | 0.000001 |
|     call count    |        1 |
+-------------------+----------+

+------------------------------------------+---------+--------+
|                   Event                  | Counter | Core 3 |
+------------------------------------------+---------+--------+
|             INSTR_RETIRED_ANY            |  FIXC0  |   8626 |
|           CPU_CLK_UNHALTED_CORE          |  FIXC1  |  13679 |
|           CPU_CLK_UNHALTED_REF           |  FIXC2  |  13064 |
| FP_ARITH_INST_RETIRED_128B_PACKED_DOUBLE |   PMC0  |     61 |
|    FP_ARITH_INST_RETIRED_SCALAR_DOUBLE   |   PMC1  |    336 |
| FP_ARITH_INST_RETIRED_256B_PACKED_DOUBLE |   PMC2  |    152 |
+------------------------------------------+---------+--------+

+----------------------+--------------+
|        Metric        |    Core 3    |
+----------------------+--------------+
|  Runtime (RDTSC) [s] | 1.481207e-06 |
| Runtime unhalted [s] | 4.013753e-06 |
|      Clock [MHz]     |    3568.4683 |
|          CPI         |       1.5858 |
|      DP MFLOP/s      |     719.6833 |
|    AVX DP MFLOP/s    |     410.4761 |
|    Packed MUOPS/s    |     143.8016 |
|    Scalar MUOPS/s    |     226.8420 |
|  Vectorization ratio |      38.7978 |
+----------------------+--------------+

