--------------------------------------------------------------------------------
CPU name:	Intel(R) Core(TM) i5-7500 CPU @ 3.40GHz
CPU type:	Intel Coffeelake processor
CPU clock:	3.41 GHz
--------------------------------------------------------------------------------
6.411053143051147e+06 -1.293898500408288e+07 1.220632823593883e+09 -2.133466812428641e+10 1.315068499110157e+11 -4.178343288664102e+11 7.795966373493910e+11 -8.916162975067189e+11 6.170410371357922e+11 -2.378592842120714e+11 3.928594961601801e+10 
6.384581009621084e+06 6.576834216381104e+06 6.792992771559452e+06 6.850040050774081e+06 6.655974808982777e+06 6.184057880352465e+06 5.452066267323642e+06 4.505858434409121e+06 3.406622532461714e+06 2.221242272535047e+06 1.015274638947454e+06 1.519110141733858e+05 1.230231248817369e+06 2.180575260057538e+06 2.975386437320564e+06 3.598404160956034e+06 4.043793775514770e+06 4.314857853165003e+06 4.422490506964304e+06 4.383507959476493e+06 4.218962471806704e+06 3.952524319626251e+06 3.608994906476802e+06 3.212996963238541e+06 2.787871350061798e+06 2.354796264498136e+06 1.932133571862822e+06 1.534996519169477e+06 1.175026007203022e+06 8.603556167983473e+05 5.957416578520446e+05 3.828306764077497e+05 2.205353745193125e+05 1.054890273672398e+05 3.254880527514861e+04 4.680317181461263e+03 1.332715416450112e+04 7.648734476965162e+02 2.582964784519412e+04 5.985111729207221e+04 9.556404962134783e+04 1.283160156658834e+05 1.546624368497797e+05 1.724042988955523e+05 1.805435130924658e+05 1.791653320980053e+05 1.692601995211266e+05 1.525005326949081e+05 1.309900136485492e+05 1.070047699004942e+05 8.274582174418274e+04 6.012230390645422e+04 4.058281383860275e+04 2.500945930842963e+04 1.368505124296522e+04 6.337469627543891e+03 2.258356384105839e+03 4.833055295570932e+02 1.004015005751942e+01 1.742195377545785e+01 3.284499406875527e+01 2.183520347449129e+01 3.555507783797223e+00 3.055443932849131e+00 
64 2.3480904102e-01 1.9941997528e-01
--------------------------------------------------------------------------------
Region SL_V1, Group 1: L3CACHE
+-------------------+----------+
|    Region Info    |  Core 3  |
+-------------------+----------+
| RDTSC Runtime [s] | 0.000030 |
|     call count    |        1 |
+-------------------+----------+

+--------------------------+---------+--------+
|           Event          | Counter | Core 3 |
+--------------------------+---------+--------+
|     INSTR_RETIRED_ANY    |  FIXC0  | 129368 |
|   CPU_CLK_UNHALTED_CORE  |  FIXC1  |  90134 |
|   CPU_CLK_UNHALTED_REF   |  FIXC2  |  81082 |
|  MEM_LOAD_RETIRED_L3_HIT |   PMC0  |     91 |
| MEM_LOAD_RETIRED_L3_MISS |   PMC1  |     39 |
|     UOPS_RETIRED_ALL     |   PMC2  | 158754 |
+--------------------------+---------+--------+

+----------------------+--------------+
|        Metric        |    Core 3    |
+----------------------+--------------+
|  Runtime (RDTSC) [s] | 2.994758e-05 |
| Runtime unhalted [s] | 2.644753e-05 |
|      Clock [MHz]     |    3788.5032 |
|          CPI         |       0.6967 |
|    L3 request rate   |       0.0008 |
|     L3 miss rate     |       0.0002 |
|     L3 miss ratio    |       0.3000 |
+----------------------+--------------+

Region EG_V1, Group 1: L3CACHE
+-------------------+----------+
|    Region Info    |  Core 3  |
+-------------------+----------+
| RDTSC Runtime [s] | 0.000001 |
|     call count    |        1 |
+-------------------+----------+

+--------------------------+---------+--------+
|           Event          | Counter | Core 3 |
+--------------------------+---------+--------+
|     INSTR_RETIRED_ANY    |  FIXC0  |   8591 |
|   CPU_CLK_UNHALTED_CORE  |  FIXC1  |  14080 |
|   CPU_CLK_UNHALTED_REF   |  FIXC2  |  12780 |
|  MEM_LOAD_RETIRED_L3_HIT |   PMC0  |     72 |
| MEM_LOAD_RETIRED_L3_MISS |   PMC1  |      2 |
|     UOPS_RETIRED_ALL     |   PMC2  |  10801 |
+--------------------------+---------+--------+

+----------------------+--------------+
|        Metric        |    Core 3    |
+----------------------+--------------+
|  Runtime (RDTSC) [s] | 1.268185e-06 |
| Runtime unhalted [s] | 4.131419e-06 |
|      Clock [MHz]     |    3754.7002 |
|          CPI         |       1.6389 |
|    L3 request rate   |       0.0069 |
|     L3 miss rate     |       0.0002 |
|     L3 miss ratio    |       0.0270 |
+----------------------+--------------+

--------------------------------------------------------------------------------
CPU name:	Intel(R) Core(TM) i5-7500 CPU @ 3.40GHz
CPU type:	Intel Coffeelake processor
CPU clock:	3.41 GHz
--------------------------------------------------------------------------------
6.411053143051147e+06 -1.293898500408288e+07 1.220632823593883e+09 -2.133466812428641e+10 1.315068499110157e+11 -4.178343288664102e+11 7.795966373493910e+11 -8.916162975067189e+11 6.170410371357922e+11 -2.378592842120714e+11 3.928594961601801e+10 
6.384581009621084e+06 6.576834216381104e+06 6.792992771559452e+06 6.850040050774081e+06 6.655974808982777e+06 6.184057880352465e+06 5.452066267323642e+06 4.505858434409121e+06 3.406622532461714e+06 2.221242272535047e+06 1.015274638947454e+06 1.519110141733858e+05 1.230231248817369e+06 2.180575260057538e+06 2.975386437320564e+06 3.598404160956034e+06 4.043793775514770e+06 4.314857853165003e+06 4.422490506964304e+06 4.383507959476493e+06 4.218962471806704e+06 3.952524319626251e+06 3.608994906476802e+06 3.212996963238541e+06 2.787871350061798e+06 2.354796264498136e+06 1.932133571862822e+06 1.534996519169477e+06 1.175026007203022e+06 8.603556167983473e+05 5.957416578520446e+05 3.828306764077497e+05 2.205353745193125e+05 1.054890273672398e+05 3.254880527514861e+04 4.680317181461263e+03 1.332715416450112e+04 7.648734476965162e+02 2.582964784519412e+04 5.985111729207221e+04 9.556404962134783e+04 1.283160156658834e+05 1.546624368497797e+05 1.724042988955523e+05 1.805435130924658e+05 1.791653320980053e+05 1.692601995211266e+05 1.525005326949081e+05 1.309900136485492e+05 1.070047699004942e+05 8.274582174418274e+04 6.012230390645422e+04 4.058281383860275e+04 2.500945930842963e+04 1.368505124296522e+04 6.337469627543891e+03 2.258356384105839e+03 4.833055295570932e+02 1.004015005751942e+01 1.742195377545785e+01 3.284499406875527e+01 2.183520347449129e+01 3.555507783797223e+00 3.055443932849131e+00 
64 7.8584903479e-01 6.6029399633e-01
--------------------------------------------------------------------------------
Region SL_V1, Group 1: ENERGY
+-------------------+----------+
|    Region Info    |  Core 3  |
+-------------------+----------+
| RDTSC Runtime [s] | 0.000069 |
|     call count    |        1 |
+-------------------+----------+

+-----------------------+---------+--------+
|         Event         | Counter | Core 3 |
+-----------------------+---------+--------+
|   INSTR_RETIRED_ANY   |  FIXC0  | 130241 |
| CPU_CLK_UNHALTED_CORE |  FIXC1  |  86042 |
|  CPU_CLK_UNHALTED_REF |  FIXC2  | 210018 |
|       TEMP_CORE       |   TMP0  |    194 |
|     PWR_PKG_ENERGY    |   PWR0  | 0.0018 |
|     PWR_PP0_ENERGY    |   PWR1  | 0.0005 |
|     PWR_PP1_ENERGY    |   PWR2  |      0 |
|    PWR_DRAM_ENERGY    |   PWR3  |      0 |
+-----------------------+---------+--------+

+----------------------+--------------+
|        Metric        |    Core 3    |
+----------------------+--------------+
|  Runtime (RDTSC) [s] |       0.0001 |
| Runtime unhalted [s] | 2.524683e-05 |
|      Clock [MHz]     |    1396.2319 |
|          CPI         |       0.6606 |
|    Temperature [C]   |          194 |
|      Energy [J]      |       0.0018 |
|       Power [W]      |      26.3925 |
|    Energy PP0 [J]    |       0.0005 |
|     Power PP0 [W]    |       7.9178 |
|    Energy PP1 [J]    |            0 |
|     Power PP1 [W]    |            0 |
|    Energy DRAM [J]   |            0 |
|    Power DRAM [W]    |            0 |
+----------------------+--------------+

Region EG_V1, Group 1: ENERGY
+-------------------+----------+
|    Region Info    |  Core 3  |
+-------------------+----------+
| RDTSC Runtime [s] | 0.000003 |
|     call count    |        1 |
+-------------------+----------+

+-----------------------+---------+--------+
|         Event         | Counter | Core 3 |
+-----------------------+---------+--------+
|   INSTR_RETIRED_ANY   |  FIXC0  |   8909 |
| CPU_CLK_UNHALTED_CORE |  FIXC1  |  13456 |
|  CPU_CLK_UNHALTED_REF |  FIXC2  |  33086 |
|       TEMP_CORE       |   TMP0  |    194 |
|     PWR_PKG_ENERGY    |   PWR0  | 0.0018 |
|     PWR_PP0_ENERGY    |   PWR1  | 0.0004 |
|     PWR_PP1_ENERGY    |   PWR2  |      0 |
|    PWR_DRAM_ENERGY    |   PWR3  | 0.0005 |
+-----------------------+---------+--------+

+----------------------+--------------+
|        Metric        |    Core 3    |
+----------------------+--------------+
|  Runtime (RDTSC) [s] | 3.425432e-06 |
| Runtime unhalted [s] | 3.948321e-06 |
|      Clock [MHz]     |    1386.0385 |
|          CPI         |       1.5104 |
|    Temperature [C]   |          194 |
|      Energy [J]      |       0.0018 |
|       Power [W]      |     516.7290 |
|    Energy PP0 [J]    |       0.0004 |
|     Power PP0 [W]    |     124.7277 |
|    Energy PP1 [J]    |            0 |
|     Power PP1 [W]    |            0 |
|    Energy DRAM [J]   |       0.0005 |
|    Power DRAM [W]    |     160.3641 |
+----------------------+--------------+

--------------------------------------------------------------------------------
CPU name:	Intel(R) Core(TM) i5-7500 CPU @ 3.40GHz
CPU type:	Intel Coffeelake processor
CPU clock:	3.41 GHz
--------------------------------------------------------------------------------
6.411053143051147e+06 -1.293898500408288e+07 1.220632823593883e+09 -2.133466812428641e+10 1.315068499110157e+11 -4.178343288664102e+11 7.795966373493910e+11 -8.916162975067189e+11 6.170410371357922e+11 -2.378592842120714e+11 3.928594961601801e+10 
6.384581009621084e+06 6.576834216381104e+06 6.792992771559452e+06 6.850040050774081e+06 6.655974808982777e+06 6.184057880352465e+06 5.452066267323642e+06 4.505858434409121e+06 3.406622532461714e+06 2.221242272535047e+06 1.015274638947454e+06 1.519110141733858e+05 1.230231248817369e+06 2.180575260057538e+06 2.975386437320564e+06 3.598404160956034e+06 4.043793775514770e+06 4.314857853165003e+06 4.422490506964304e+06 4.383507959476493e+06 4.218962471806704e+06 3.952524319626251e+06 3.608994906476802e+06 3.212996963238541e+06 2.787871350061798e+06 2.354796264498136e+06 1.932133571862822e+06 1.534996519169477e+06 1.175026007203022e+06 8.603556167983473e+05 5.957416578520446e+05 3.828306764077497e+05 2.205353745193125e+05 1.054890273672398e+05 3.254880527514861e+04 4.680317181461263e+03 1.332715416450112e+04 7.648734476965162e+02 2.582964784519412e+04 5.985111729207221e+04 9.556404962134783e+04 1.283160156658834e+05 1.546624368497797e+05 1.724042988955523e+05 1.805435130924658e+05 1.791653320980053e+05 1.692601995211266e+05 1.525005326949081e+05 1.309900136485492e+05 1.070047699004942e+05 8.274582174418274e+04 6.012230390645422e+04 4.058281383860275e+04 2.500945930842963e+04 1.368505124296522e+04 6.337469627543891e+03 2.258356384105839e+03 4.833055295570932e+02 1.004015005751942e+01 1.742195377545785e+01 3.284499406875527e+01 2.183520347449129e+01 3.555507783797223e+00 3.055443932849131e+00 
64 2.5285297632e-01 2.1684700251e-01
--------------------------------------------------------------------------------
Region SL_V1, Group 1: FLOPS_DP
+-------------------+----------+
|    Region Info    |  Core 3  |
+-------------------+----------+
| RDTSC Runtime [s] | 0.000030 |
|     call count    |        1 |
+-------------------+----------+

+------------------------------------------+---------+--------+
|                   Event                  | Counter | Core 3 |
+------------------------------------------+---------+--------+
|             INSTR_RETIRED_ANY            |  FIXC0  | 129371 |
|           CPU_CLK_UNHALTED_CORE          |  FIXC1  |  87943 |
|           CPU_CLK_UNHALTED_REF           |  FIXC2  |  85342 |
| FP_ARITH_INST_RETIRED_128B_PACKED_DOUBLE |   PMC0  |      0 |
|    FP_ARITH_INST_RETIRED_SCALAR_DOUBLE   |   PMC1  |  48906 |
| FP_ARITH_INST_RETIRED_256B_PACKED_DOUBLE |   PMC2  |   1936 |
+------------------------------------------+---------+--------+

+----------------------+--------------+
|        Metric        |    Core 3    |
+----------------------+--------------+
|  Runtime (RDTSC) [s] | 2.966405e-05 |
| Runtime unhalted [s] | 2.580674e-05 |
|      Clock [MHz]     |    3511.6123 |
|          CPI         |       0.6798 |
|      DP MFLOP/s      |    1909.7190 |
|    AVX DP MFLOP/s    |     261.0567 |
|    Packed MUOPS/s    |      65.2642 |
|    Scalar MUOPS/s    |    1648.6623 |
|  Vectorization ratio |       3.8079 |
+----------------------+--------------+

Region EG_V1, Group 1: FLOPS_DP
+-------------------+----------+
|    Region Info    |  Core 3  |
+-------------------+----------+
| RDTSC Runtime [s] | 0.000001 |
|     call count    |        1 |
+-------------------+----------+

+------------------------------------------+---------+--------+
|                   Event                  | Counter | Core 3 |
+------------------------------------------+---------+--------+
|             INSTR_RETIRED_ANY            |  FIXC0  |   8591 |
|           CPU_CLK_UNHALTED_CORE          |  FIXC1  |  13298 |
|           CPU_CLK_UNHALTED_REF           |  FIXC2  |  12922 |
| FP_ARITH_INST_RETIRED_128B_PACKED_DOUBLE |   PMC0  |     61 |
|    FP_ARITH_INST_RETIRED_SCALAR_DOUBLE   |   PMC1  |    336 |
| FP_ARITH_INST_RETIRED_256B_PACKED_DOUBLE |   PMC2  |    152 |
+------------------------------------------+---------+--------+

+----------------------+--------------+
|        Metric        |    Core 3    |
+----------------------+--------------+
|  Runtime (RDTSC) [s] | 1.353274e-06 |
| Runtime unhalted [s] | 3.902278e-06 |
|      Clock [MHz]     |    3506.9106 |
|          CPI         |       1.5479 |
|      DP MFLOP/s      |     787.7193 |
|    AVX DP MFLOP/s    |     449.2808 |
|    Packed MUOPS/s    |     157.3961 |
|    Scalar MUOPS/s    |     248.2867 |
|  Vectorization ratio |      38.7978 |
+----------------------+--------------+

